6.6s 1 0.00s - Debugger warning: It seems that frozen modules are being used, which may
6.6s 2 0.00s - make the debugger miss breakpoints. Please pass -Xfrozen_modules=off
6.6s 3 0.00s - to python to disable frozen modules.
6.6s 4 0.00s - Note: Debugging will proceed. Set PYDEVD_DISABLE_FILE_VALIDATION=1 to disable this validation.
7.2s 5 0.00s - Debugger warning: It seems that frozen modules are being used, which may
7.2s 6 0.00s - make the debugger miss breakpoints. Please pass -Xfrozen_modules=off
7.2s 7 0.00s - to python to disable frozen modules.
7.2s 8 0.00s - Note: Debugging will proceed. Set PYDEVD_DISABLE_FILE_VALIDATION=1 to disable this validation.
9.7s 9 ======================================================================
9.7s 10 🚀 FM — City+Category Embeddings | k=128 | Full 7M | 200 epochs
9.7s 11 ======================================================================
9.7s 12 
9.7s 13 Loading user context from /kaggle/input/datasets/organizations/yelp-dataset/yelp-dataset/yelp_academic_dataset_user.json...
62.7s 14 ✓ Loaded 1,987,897 users
62.7s 15 Loading business context from /kaggle/input/datasets/organizations/yelp-dataset/yelp-dataset/yelp_academic_dataset_business.json...
65.2s 16 ✓ Loaded 150,346 businesses
65.2s 17 ✓ Unique cities: 1,381, categories: 1,160
65.2s 18 Loading checkin context from /kaggle/input/datasets/organizations/yelp-dataset/yelp-dataset/yelp_academic_dataset_checkin.json...
69.4s 19 ✓ Loaded 131,930 businesses with checkin data
69.4s 20 Loading tip context from /kaggle/input/datasets/organizations/yelp-dataset/yelp-dataset/yelp_academic_dataset_tip.json...
73.9s 21 ✓ Loaded tips for 301,758 users and 106,193 businesses
73.9s 22 
73.9s 23 Loading reviews from /kaggle/input/datasets/organizations/yelp-dataset/yelp-dataset/yelp_academic_dataset_review.json...
76.6s 24 Loaded 100,000 reviews...
79.4s 25 Loaded 200,000 reviews...
82.3s 26 Loaded 300,000 reviews...
85.1s 27 Loaded 400,000 reviews...
87.9s 28 Loaded 500,000 reviews...
90.6s 29 Loaded 600,000 reviews...
93.3s 30 Loaded 700,000 reviews...
96.2s 31 Loaded 800,000 reviews...
99.1s 32 Loaded 900,000 reviews...
101.9s 33 Loaded 1,000,000 reviews...
104.7s 34 Loaded 1,100,000 reviews...
107.5s 35 Loaded 1,200,000 reviews...
110.3s 36 Loaded 1,300,000 reviews...
113.2s 37 Loaded 1,400,000 reviews...
116.1s 38 Loaded 1,500,000 reviews...
119.0s 39 Loaded 1,600,000 reviews...
121.8s 40 Loaded 1,700,000 reviews...
124.5s 41 Loaded 1,800,000 reviews...
127.3s 42 Loaded 1,900,000 reviews...
130.3s 43 Loaded 2,000,000 reviews...
133.3s 44 Loaded 2,100,000 reviews...
136.3s 45 Loaded 2,200,000 reviews...
138.9s 46 Loaded 2,300,000 reviews...
141.7s 47 Loaded 2,400,000 reviews...
144.6s 48 Loaded 2,500,000 reviews...
147.7s 49 Loaded 2,600,000 reviews...
150.5s 50 Loaded 2,700,000 reviews...
153.4s 51 Loaded 2,800,000 reviews...
156.3s 52 Loaded 2,900,000 reviews...
159.1s 53 Loaded 3,000,000 reviews...
162.0s 54 Loaded 3,100,000 reviews...
164.8s 55 Loaded 3,200,000 reviews...
167.6s 56 Loaded 3,300,000 reviews...
170.5s 57 Loaded 3,400,000 reviews...
173.6s 58 Loaded 3,500,000 reviews...
176.3s 59 Loaded 3,600,000 reviews...
179.2s 60 Loaded 3,700,000 reviews...
182.0s 61 Loaded 3,800,000 reviews...
184.9s 62 Loaded 3,900,000 reviews...
187.8s 63 Loaded 4,000,000 reviews...
190.9s 64 Loaded 4,100,000 reviews...
193.8s 65 Loaded 4,200,000 reviews...
196.5s 66 Loaded 4,300,000 reviews...
199.3s 67 Loaded 4,400,000 reviews...
202.1s 68 Loaded 4,500,000 reviews...
205.0s 69 Loaded 4,600,000 reviews...
207.9s 70 Loaded 4,700,000 reviews...
210.8s 71 Loaded 4,800,000 reviews...
213.8s 72 Loaded 4,900,000 reviews...
216.7s 73 Loaded 5,000,000 reviews...
219.5s 74 Loaded 5,100,000 reviews...
222.4s 75 Loaded 5,200,000 reviews...
225.4s 76 Loaded 5,300,000 reviews...
228.2s 77 Loaded 5,400,000 reviews...
231.0s 78 Loaded 5,500,000 reviews...
233.9s 79 Loaded 5,600,000 reviews...
236.6s 80 Loaded 5,700,000 reviews...
239.5s 81 Loaded 5,800,000 reviews...
242.4s 82 Loaded 5,900,000 reviews...
245.4s 83 Loaded 6,000,000 reviews...
248.2s 84 Loaded 6,100,000 reviews...
251.2s 85 Loaded 6,200,000 reviews...
254.2s 86 Loaded 6,300,000 reviews...
257.0s 87 Loaded 6,400,000 reviews...
259.9s 88 Loaded 6,500,000 reviews...
262.6s 89 Loaded 6,600,000 reviews...
265.3s 90 Loaded 6,700,000 reviews...
268.1s 91 Loaded 6,800,000 reviews...
271.0s 92 Loaded 6,900,000 reviews...
278.5s 93 ✓ Total: 6,990,280 reviews loaded
278.5s 94 ✓ Unique users: 1,987,929
278.5s 95 ✓ Unique businesses: 150,346
278.5s 96 ✓ Numerical features per sample: 13
279.7s 97 
279.7s 98 ======================================================================
279.7s 99 🚀 TRAINING FM — City+Category Embeddings (k=128, 7M data)
279.7s 100 ======================================================================
279.9s 101 
279.9s 102 Dataset split:
279.9s 103 Train: 6,291,252 | Val: 699,028
279.9s 104 
279.9s 105 Moving data to GPU...
280.4s 106 ✓ Data on GPU
282.1s 107 
282.1s 108 📊 Baseline RMSE: 1.4781
282.1s 109 
282.1s 110 🔧 Initializing FM model on GPU:
282.1s 111 Users: 1,987,929 | Businesses: 150,346
282.1s 112 Cities: 1,381 | Categories: 1,160
282.1s 113 Numerical features: 13
282.1s 114 Embedding dimension: 128
282.1s 115 Reg: 0.001 | Dropout: 0.3
282.8s 116 Total embedding params: 274,026,112 (1096.1 MB)
282.8s 117 ✓ Model initialized on GPU
282.8s 118 
282.8s 119 Config: Epochs=200 | Batch=8192 | LR=0.01 (decay=0.99)
282.8s 120 k=128 | Reg=0.001 | Dropout=0.3 | Patience=20
282.8s 121 
282.8s 122 ----------------------------------------------------------------------
338.4s 123 Epoch   1/200 | Loss:  2.1630 | Val RMSE: 1.2847 ✓ | MAE: 1.0790 | R2: 0.2446 | LR: 0.010000 | 55.8s
339.0s 124 🎯 New best! RMSE: 1.2847 (Δ: +0.1935)
391.1s 125 Epoch   2/200 | Loss:  1.6352 | Val RMSE: 1.2236 ✓ | MAE: 1.0142 | R2: 0.3147 | LR: 0.009900 | 52.3s
391.7s 126 🎯 New best! RMSE: 1.2236 (Δ: +0.2545)
443.7s 127 Epoch   3/200 | Loss:  1.5097 | Val RMSE: 1.1850 ✓ | MAE: 0.9707 | R2: 0.3573 | LR: 0.009801 | 52.3s
444.3s 128 🎯 New best! RMSE: 1.1850 (Δ: +0.2931)
496.3s 129 Epoch   4/200 | Loss:  1.4295 | Val RMSE: 1.1590 ✓ | MAE: 0.9386 | R2: 0.3852 | LR: 0.009703 | 52.2s
496.9s 130 🎯 New best! RMSE: 1.1590 (Δ: +0.3192)
548.9s 131 Epoch   5/200 | Loss:  1.3762 | Val RMSE: 1.1410 ✓ | MAE: 0.9159 | R2: 0.4041 | LR: 0.009606 | 52.2s
549.5s 132 🎯 New best! RMSE: 1.1410 (Δ: +0.3371)
601.5s 133 Epoch   6/200 | Loss:  1.3391 | Val RMSE: 1.1285 ✓ | MAE: 0.8995 | R2: 0.4172 | LR: 0.009510 | 52.2s
602.1s 134 🎯 New best! RMSE: 1.1285 (Δ: +0.3497)
654.1s 135 Epoch   7/200 | Loss:  1.3123 | Val RMSE: 1.1195 ✓ | MAE: 0.8879 | R2: 0.4264 | LR: 0.009415 | 52.2s
654.7s 136 🎯 New best! RMSE: 1.1195 (Δ: +0.3586)
706.7s 137 Epoch   8/200 | Loss:  1.2928 | Val RMSE: 1.1129 ✓ | MAE: 0.8787 | R2: 0.4331 | LR: 0.009321 | 52.2s
707.3s 138 🎯 New best! RMSE: 1.1129 (Δ: +0.3652)
759.3s 139 Epoch   9/200 | Loss:  1.2782 | Val RMSE: 1.1080 ✓ | MAE: 0.8719 | R2: 0.4381 | LR: 0.009227 | 52.2s
759.9s 140 🎯 New best! RMSE: 1.1080 (Δ: +0.3701)
811.9s 141 Epoch  10/200 | Loss:  1.2666 | Val RMSE: 1.1042 ✓ | MAE: 0.8671 | R2: 0.4419 | LR: 0.009135 | 52.2s
812.4s 142 🎯 New best! RMSE: 1.1042 (Δ: +0.3739)
864.4s 143 Epoch  11/200 | Loss:  1.2575 | Val RMSE: 1.1013 ✓ | MAE: 0.8636 | R2: 0.4449 | LR: 0.009044 | 52.2s
865.0s 144 🎯 New best! RMSE: 1.1013 (Δ: +0.3768)
917.0s 145 Epoch  12/200 | Loss:  1.2499 | Val RMSE: 1.0990 ✓ | MAE: 0.8607 | R2: 0.4472 | LR: 0.008953 | 52.2s
917.6s 146 🎯 New best! RMSE: 1.0990 (Δ: +0.3792)
969.5s 147 Epoch  13/200 | Loss:  1.2440 | Val RMSE: 1.0970 ✓ | MAE: 0.8579 | R2: 0.4492 | LR: 0.008864 | 52.2s
970.1s 148 🎯 New best! RMSE: 1.0970 (Δ: +0.3811)
1022.1s 149 Epoch  14/200 | Loss:  1.2387 | Val RMSE: 1.0955 ✓ | MAE: 0.8560 | R2: 0.4507 | LR: 0.008775 | 52.2s
1022.7s 150 🎯 New best! RMSE: 1.0955 (Δ: +0.3827)
1074.7s 151 Epoch  15/200 | Loss:  1.2339 | Val RMSE: 1.0941 ✓ | MAE: 0.8549 | R2: 0.4521 | LR: 0.008687 | 52.2s
1075.3s 152 🎯 New best! RMSE: 1.0941 (Δ: +0.3840)
1127.3s 153 Epoch  16/200 | Loss:  1.2302 | Val RMSE: 1.0930 ✓ | MAE: 0.8531 | R2: 0.4532 | LR: 0.008601 | 52.2s
1127.8s 154 🎯 New best! RMSE: 1.0930 (Δ: +0.3852)
1179.9s 155 Epoch  17/200 | Loss:  1.2263 | Val RMSE: 1.0920 ✓ | MAE: 0.8521 | R2: 0.4542 | LR: 0.008515 | 52.2s
1180.4s 156 🎯 New best! RMSE: 1.0920 (Δ: +0.3861)
1232.4s 157 Epoch  18/200 | Loss:  1.2232 | Val RMSE: 1.0911 ✓ | MAE: 0.8507 | R2: 0.4551 | LR: 0.008429 | 52.2s
1233.0s 158 🎯 New best! RMSE: 1.0911 (Δ: +0.3870)
1285.0s 159 Epoch  19/200 | Loss:  1.2205 | Val RMSE: 1.0903 ✓ | MAE: 0.8500 | R2: 0.4559 | LR: 0.008345 | 52.2s
1285.6s 160 🎯 New best! RMSE: 1.0903 (Δ: +0.3878)
1337.6s 161 Epoch  20/200 | Loss:  1.2179 | Val RMSE: 1.0896 ✓ | MAE: 0.8493 | R2: 0.4566 | LR: 0.008262 | 52.2s
1338.2s 162 🎯 New best! RMSE: 1.0896 (Δ: +0.3885)
1390.2s 163 Epoch  21/200 | Loss:  1.2153 | Val RMSE: 1.0890 ✓ | MAE: 0.8486 | R2: 0.4572 | LR: 0.008179 | 52.2s
1390.8s 164 🎯 New best! RMSE: 1.0890 (Δ: +0.3891)
1442.8s 165 Epoch  22/200 | Loss:  1.2135 | Val RMSE: 1.0884 ✓ | MAE: 0.8480 | R2: 0.4578 | LR: 0.008097 | 52.2s
1443.4s 166 🎯 New best! RMSE: 1.0884 (Δ: +0.3897)
1495.4s 167 Epoch  23/200 | Loss:  1.2112 | Val RMSE: 1.0879 ✓ | MAE: 0.8476 | R2: 0.4583 | LR: 0.008016 | 52.2s
1496.0s 168 🎯 New best! RMSE: 1.0879 (Δ: +0.3902)
1547.9s 169 Epoch  24/200 | Loss:  1.2094 | Val RMSE: 1.0874 ✓ | MAE: 0.8469 | R2: 0.4588 | LR: 0.007936 | 52.2s
1548.5s 170 🎯 New best! RMSE: 1.0874 (Δ: +0.3907)
1600.5s 171 Epoch  25/200 | Loss:  1.2078 | Val RMSE: 1.0870 ✓ | MAE: 0.8465 | R2: 0.4592 | LR: 0.007857 | 52.2s
1601.1s 172 🎯 New best! RMSE: 1.0870 (Δ: +0.3911)
1653.1s 173 Epoch  26/200 | Loss:  1.2059 | Val RMSE: 1.0866 ✓ | MAE: 0.8463 | R2: 0.4596 | LR: 0.007778 | 52.2s
1653.6s 174 🎯 New best! RMSE: 1.0866 (Δ: +0.3915)
1705.6s 175 Epoch  27/200 | Loss:  1.2044 | Val RMSE: 1.0862 ✓ | MAE: 0.8455 | R2: 0.4600 | LR: 0.007700 | 52.2s
1706.2s 176 🎯 New best! RMSE: 1.0862 (Δ: +0.3919)
1758.2s 177 Epoch  28/200 | Loss:  1.2032 | Val RMSE: 1.0858 ✓ | MAE: 0.8454 | R2: 0.4604 | LR: 0.007623 | 52.2s
1758.8s 178 🎯 New best! RMSE: 1.0858 (Δ: +0.3923)
1810.8s 179 Epoch  29/200 | Loss:  1.2015 | Val RMSE: 1.0855 ✓ | MAE: 0.8450 | R2: 0.4607 | LR: 0.007547 | 52.2s
1811.4s 180 🎯 New best! RMSE: 1.0855 (Δ: +0.3926)
1863.4s 181 Epoch  30/200 | Loss:  1.2005 | Val RMSE: 1.0852 ✓ | MAE: 0.8448 | R2: 0.4610 | LR: 0.007472 | 52.2s
1863.9s 182 🎯 New best! RMSE: 1.0852 (Δ: +0.3929)
1915.9s 183 Epoch  31/200 | Loss:  1.1988 | Val RMSE: 1.0849 ✓ | MAE: 0.8446 | R2: 0.4613 | LR: 0.007397 | 52.2s
1916.5s 184 🎯 New best! RMSE: 1.0849 (Δ: +0.3932)
1968.4s 185 Epoch  32/200 | Loss:  1.1980 | Val RMSE: 1.0846 ✓ | MAE: 0.8441 | R2: 0.4616 | LR: 0.007323 | 52.1s
1969.0s 186 🎯 New best! RMSE: 1.0846 (Δ: +0.3935)
2021.0s 187 Epoch  33/200 | Loss:  1.1968 | Val RMSE: 1.0844 ✓ | MAE: 0.8442 | R2: 0.4618 | LR: 0.007250 | 52.2s
2021.5s 188 🎯 New best! RMSE: 1.0844 (Δ: +0.3938)
2073.5s 189 Epoch  34/200 | Loss:  1.1959 | Val RMSE: 1.0841 ✓ | MAE: 0.8437 | R2: 0.4621 | LR: 0.007177 | 52.2s
2074.1s 190 🎯 New best! RMSE: 1.0841 (Δ: +0.3940)
2126.1s 191 Epoch  35/200 | Loss:  1.1948 | Val RMSE: 1.0839 ✓ | MAE: 0.8433 | R2: 0.4623 | LR: 0.007106 | 52.1s
2126.6s 192 🎯 New best! RMSE: 1.0839 (Δ: +0.3943)
2178.6s 193 Epoch  36/200 | Loss:  1.1937 | Val RMSE: 1.0836 ✓ | MAE: 0.8434 | R2: 0.4626 | LR: 0.007034 | 52.2s
2179.2s 194 🎯 New best! RMSE: 1.0836 (Δ: +0.3945)
2231.1s 195 Epoch  37/200 | Loss:  1.1931 | Val RMSE: 1.0834 ✓ | MAE: 0.8432 | R2: 0.4628 | LR: 0.006964 | 52.1s
2231.7s 196 🎯 New best! RMSE: 1.0834 (Δ: +0.3947)
2283.6s 197 Epoch  38/200 | Loss:  1.1918 | Val RMSE: 1.0832 ✓ | MAE: 0.8430 | R2: 0.4630 | LR: 0.006894 | 52.1s
2284.2s 198 🎯 New best! RMSE: 1.0832 (Δ: +0.3949)
2336.1s 199 Epoch  39/200 | Loss:  1.1911 | Val RMSE: 1.0830 ✓ | MAE: 0.8428 | R2: 0.4632 | LR: 0.006826 | 52.1s
2336.7s 200 🎯 New best! RMSE: 1.0830 (Δ: +0.3951)
2388.7s 201 Epoch  40/200 | Loss:  1.1905 | Val RMSE: 1.0828 ✓ | MAE: 0.8429 | R2: 0.4633 | LR: 0.006757 | 52.2s
2389.2s 202 🎯 New best! RMSE: 1.0828 (Δ: +0.3953)
2441.2s 203 Epoch  41/200 | Loss:  1.1897 | Val RMSE: 1.0826 ✓ | MAE: 0.8421 | R2: 0.4635 | LR: 0.006690 | 52.1s
2441.8s 204 🎯 New best! RMSE: 1.0826 (Δ: +0.3955)
2493.8s 205 Epoch  42/200 | Loss:  1.1887 | Val RMSE: 1.0825 ✓ | MAE: 0.8423 | R2: 0.4637 | LR: 0.006623 | 52.2s
2494.3s 206 🎯 New best! RMSE: 1.0825 (Δ: +0.3957)
2546.3s 207 Epoch  43/200 | Loss:  1.1881 | Val RMSE: 1.0823 ✓ | MAE: 0.8422 | R2: 0.4639 | LR: 0.006557 | 52.2s
2546.9s 208 🎯 New best! RMSE: 1.0823 (Δ: +0.3958)
2599.0s 209 Epoch  44/200 | Loss:  1.1873 | Val RMSE: 1.0821 ✓ | MAE: 0.8418 | R2: 0.4640 | LR: 0.006491 | 52.3s
2599.6s 210 🎯 New best! RMSE: 1.0821 (Δ: +0.3960)
2651.6s 211 Epoch  45/200 | Loss:  1.1869 | Val RMSE: 1.0820 ✓ | MAE: 0.8417 | R2: 0.4642 | LR: 0.006426 | 52.2s
2652.2s 212 🎯 New best! RMSE: 1.0820 (Δ: +0.3961)
2704.2s 213 Epoch  46/200 | Loss:  1.1863 | Val RMSE: 1.0819 ✓ | MAE: 0.8418 | R2: 0.4643 | LR: 0.006362 | 52.2s
2704.7s 214 🎯 New best! RMSE: 1.0819 (Δ: +0.3963)
2756.7s 215 Epoch  47/200 | Loss:  1.1858 | Val RMSE: 1.0817 ✓ | MAE: 0.8417 | R2: 0.4644 | LR: 0.006298 | 52.2s
2757.3s 216 🎯 New best! RMSE: 1.0817 (Δ: +0.3964)
2809.3s 217 Epoch  48/200 | Loss:  1.1850 | Val RMSE: 1.0816 ✓ | MAE: 0.8414 | R2: 0.4646 | LR: 0.006235 | 52.2s
2809.8s 218 🎯 New best! RMSE: 1.0816 (Δ: +0.3966)
2861.8s 219 Epoch  49/200 | Loss:  1.1845 | Val RMSE: 1.0815 ✓ | MAE: 0.8415 | R2: 0.4647 | LR: 0.006173 | 52.2s
2862.4s 220 🎯 New best! RMSE: 1.0815 (Δ: +0.3967)
2914.4s 221 Epoch  50/200 | Loss:  1.1839 | Val RMSE: 1.0813 ✓ | MAE: 0.8413 | R2: 0.4648 | LR: 0.006111 | 52.2s
2915.0s 222 🎯 New best! RMSE: 1.0813 (Δ: +0.3968)
2967.0s 223 Epoch  51/200 | Loss:  1.1832 | Val RMSE: 1.0812 ✓ | MAE: 0.8412 | R2: 0.4650 | LR: 0.006050 | 52.2s
2967.5s 224 🎯 New best! RMSE: 1.0812 (Δ: +0.3969)
3019.5s 225 Epoch  52/200 | Loss:  1.1830 | Val RMSE: 1.0811 ✓ | MAE: 0.8411 | R2: 0.4651 | LR: 0.005990 | 52.2s
3020.1s 226 🎯 New best! RMSE: 1.0811 (Δ: +0.3970)
3072.1s 227 Epoch  53/200 | Loss:  1.1825 | Val RMSE: 1.0810 ✓ | MAE: 0.8412 | R2: 0.4652 | LR: 0.005930 | 52.2s
3072.6s 228 🎯 New best! RMSE: 1.0810 (Δ: +0.3972)
3124.6s 229 Epoch  54/200 | Loss:  1.1820 | Val RMSE: 1.0809 ✓ | MAE: 0.8408 | R2: 0.4653 | LR: 0.005870 | 52.2s
3125.2s 230 🎯 New best! RMSE: 1.0809 (Δ: +0.3973)
3177.2s 231 Epoch  55/200 | Loss:  1.1814 | Val RMSE: 1.0808 ✓ | MAE: 0.8408 | R2: 0.4654 | LR: 0.005812 | 52.2s
3177.7s 232 🎯 New best! RMSE: 1.0808 (Δ: +0.3974)
3229.7s 233 Epoch  56/200 | Loss:  1.1812 | Val RMSE: 1.0807 ✓ | MAE: 0.8406 | R2: 0.4655 | LR: 0.005754 | 52.2s
3230.3s 234 🎯 New best! RMSE: 1.0807 (Δ: +0.3975)
3282.3s 235 Epoch  57/200 | Loss:  1.1806 | Val RMSE: 1.0806 ✓ | MAE: 0.8406 | R2: 0.4656 | LR: 0.005696 | 52.2s
3282.8s 236 🎯 New best! RMSE: 1.0806 (Δ: +0.3976)
3334.8s 237 Epoch  58/200 | Loss:  1.1802 | Val RMSE: 1.0805 ✓ | MAE: 0.8408 | R2: 0.4657 | LR: 0.005639 | 52.2s
3335.4s 238 🎯 New best! RMSE: 1.0805 (Δ: +0.3977)
3387.4s 239 Epoch  59/200 | Loss:  1.1797 | Val RMSE: 1.0804 ✓ | MAE: 0.8406 | R2: 0.4658 | LR: 0.005583 | 52.2s
3387.9s 240 🎯 New best! RMSE: 1.0804 (Δ: +0.3977)
3439.9s 241 Epoch  60/200 | Loss:  1.1793 | Val RMSE: 1.0803 ✓ | MAE: 0.8406 | R2: 0.4659 | LR: 0.005527 | 52.1s
3440.5s 242 🎯 New best! RMSE: 1.0803 (Δ: +0.3978)
3492.5s 243 Epoch  61/200 | Loss:  1.1792 | Val RMSE: 1.0802 ✓ | MAE: 0.8403 | R2: 0.4659 | LR: 0.005472 | 52.2s
3493.0s 244 🎯 New best! RMSE: 1.0802 (Δ: +0.3979)
3545.0s 245 Epoch  62/200 | Loss:  1.1786 | Val RMSE: 1.0801 ✓ | MAE: 0.8403 | R2: 0.4660 | LR: 0.005417 | 52.2s
3545.6s 246 🎯 New best! RMSE: 1.0801 (Δ: +0.3980)
3597.6s 247 Epoch  63/200 | Loss:  1.1782 | Val RMSE: 1.0800 ✓ | MAE: 0.8400 | R2: 0.4661 | LR: 0.005363 | 52.1s
3598.1s 248 🎯 New best! RMSE: 1.0800 (Δ: +0.3981)
3650.2s 249 Epoch  64/200 | Loss:  1.1780 | Val RMSE: 1.0800 ✓ | MAE: 0.8401 | R2: 0.4662 | LR: 0.005309 | 52.2s
3650.7s 250 🎯 New best! RMSE: 1.0800 (Δ: +0.3982)
3702.7s 251 Epoch  65/200 | Loss:  1.1776 | Val RMSE: 1.0799 ✓ | MAE: 0.8398 | R2: 0.4663 | LR: 0.005256 | 52.1s
3703.2s 252 🎯 New best! RMSE: 1.0799 (Δ: +0.3982)
3755.2s 253 Epoch  66/200 | Loss:  1.1772 | Val RMSE: 1.0798 ✓ | MAE: 0.8398 | R2: 0.4663 | LR: 0.005203 | 52.2s
3755.8s 254 🎯 New best! RMSE: 1.0798 (Δ: +0.3983)
3807.8s 255 Epoch  67/200 | Loss:  1.1771 | Val RMSE: 1.0797 ✓ | MAE: 0.8399 | R2: 0.4664 | LR: 0.005151 | 52.2s
3808.4s 256 🎯 New best! RMSE: 1.0797 (Δ: +0.3984)
3860.4s 257 Epoch  68/200 | Loss:  1.1767 | Val RMSE: 1.0797 ✓ | MAE: 0.8398 | R2: 0.4665 | LR: 0.005100 | 52.2s
3860.9s 258 🎯 New best! RMSE: 1.0797 (Δ: +0.3985)
3912.9s 259 Epoch  69/200 | Loss:  1.1764 | Val RMSE: 1.0796 ✓ | MAE: 0.8396 | R2: 0.4665 | LR: 0.005049 | 52.1s
3913.4s 260 🎯 New best! RMSE: 1.0796 (Δ: +0.3985)
3965.4s 261 Epoch  70/200 | Loss:  1.1762 | Val RMSE: 1.0795 ✓ | MAE: 0.8397 | R2: 0.4666 | LR: 0.004998 | 52.1s
3966.0s 262 🎯 New best! RMSE: 1.0795 (Δ: +0.3986)
4018.0s 263 Epoch  71/200 | Loss:  1.1759 | Val RMSE: 1.0795 ✓ | MAE: 0.8397 | R2: 0.4667 | LR: 0.004948 | 52.2s
4018.6s 264 🎯 New best! RMSE: 1.0795 (Δ: +0.3986)
4070.5s 265 Epoch  72/200 | Loss:  1.1756 | Val RMSE: 1.0794 ✓ | MAE: 0.8396 | R2: 0.4667 | LR: 0.004899 | 52.2s
4071.1s 266 🎯 New best! RMSE: 1.0794 (Δ: +0.3987)
4123.1s 267 Epoch  73/200 | Loss:  1.1753 | Val RMSE: 1.0794 ✓ | MAE: 0.8396 | R2: 0.4668 | LR: 0.004850 | 52.2s
4123.7s 268 🎯 New best! RMSE: 1.0794 (Δ: +0.3988)
4175.6s 269 Epoch  74/200 | Loss:  1.1749 | Val RMSE: 1.0793 ✓ | MAE: 0.8395 | R2: 0.4668 | LR: 0.004801 | 52.2s
4176.2s 270 🎯 New best! RMSE: 1.0793 (Δ: +0.3988)
4228.1s 271 Epoch  75/200 | Loss:  1.1746 | Val RMSE: 1.0792 ✓ | MAE: 0.8394 | R2: 0.4669 | LR: 0.004753 | 52.1s
4228.7s 272 🎯 New best! RMSE: 1.0792 (Δ: +0.3989)
4280.7s 273 Epoch  76/200 | Loss:  1.1747 | Val RMSE: 1.0792 ✓ | MAE: 0.8399 | R2: 0.4669 | LR: 0.004706 | 52.2s
4281.2s 274 🎯 New best! RMSE: 1.0792 (Δ: +0.3989)
4333.2s 275 Epoch  77/200 | Loss:  1.1743 | Val RMSE: 1.0791 ✓ | MAE: 0.8392 | R2: 0.4670 | LR: 0.004659 | 52.1s
4333.8s 276 🎯 New best! RMSE: 1.0791 (Δ: +0.3990)
4385.7s 277 Epoch  78/200 | Loss:  1.1740 | Val RMSE: 1.0791 ✓ | MAE: 0.8397 | R2: 0.4670 | LR: 0.004612 | 52.1s
4386.3s 278 🎯 New best! RMSE: 1.0791 (Δ: +0.3990)
4438.2s 279 Epoch  79/200 | Loss:  1.1739 | Val RMSE: 1.0790 ✓ | MAE: 0.8392 | R2: 0.4671 | LR: 0.004566 | 52.1s
4438.8s 280 🎯 New best! RMSE: 1.0790 (Δ: +0.3991)
4490.8s 281 Epoch  80/200 | Loss:  1.1738 | Val RMSE: 1.0790 ✓ | MAE: 0.8394 | R2: 0.4671 | LR: 0.004520 | 52.2s
4491.4s 282 🎯 New best! RMSE: 1.0790 (Δ: +0.3991)
4543.3s 283 Epoch  81/200 | Loss:  1.1735 | Val RMSE: 1.0789 ✓ | MAE: 0.8395 | R2: 0.4672 | LR: 0.004475 | 52.1s
4543.8s 284 🎯 New best! RMSE: 1.0789 (Δ: +0.3992)
4595.7s 285 Epoch  82/200 | Loss:  1.1732 | Val RMSE: 1.0789 ✓ | MAE: 0.8392 | R2: 0.4672 | LR: 0.004430 | 52.1s
4596.3s 286 🎯 New best! RMSE: 1.0789 (Δ: +0.3992)
4648.3s 287 Epoch  83/200 | Loss:  1.1730 | Val RMSE: 1.0788 ✓ | MAE: 0.8390 | R2: 0.4673 | LR: 0.004386 | 52.1s
4648.8s 288 🎯 New best! RMSE: 1.0788 (Δ: +0.3993)
4700.7s 289 Epoch  84/200 | Loss:  1.1728 | Val RMSE: 1.0788 ✓ | MAE: 0.8394 | R2: 0.4673 | LR: 0.004342 | 52.0s
4701.2s 290 🎯 New best! RMSE: 1.0788 (Δ: +0.3993)
4753.1s 291 Epoch  85/200 | Loss:  1.1726 | Val RMSE: 1.0788 ✓ | MAE: 0.8394 | R2: 0.4674 | LR: 0.004299 | 52.1s
4753.7s 292 🎯 New best! RMSE: 1.0788 (Δ: +0.3994)
4805.6s 293 Epoch  86/200 | Loss:  1.1726 | Val RMSE: 1.0787 ✓ | MAE: 0.8393 | R2: 0.4674 | LR: 0.004256 | 52.1s
4806.2s 294 🎯 New best! RMSE: 1.0787 (Δ: +0.3994)
4858.1s 295 Epoch  87/200 | Loss:  1.1723 | Val RMSE: 1.0787 ✓ | MAE: 0.8390 | R2: 0.4674 | LR: 0.004213 | 52.1s
4858.7s 296 🎯 New best! RMSE: 1.0787 (Δ: +0.3994)
4910.6s 297 Epoch  88/200 | Loss:  1.1721 | Val RMSE: 1.0786 ✓ | MAE: 0.8391 | R2: 0.4675 | LR: 0.004171 | 52.1s
4911.2s 298 🎯 New best! RMSE: 1.0786 (Δ: +0.3995)
4963.1s 299 Epoch  89/200 | Loss:  1.1718 | Val RMSE: 1.0786 ✓ | MAE: 0.8390 | R2: 0.4675 | LR: 0.004129 | 52.1s
4963.6s 300 🎯 New best! RMSE: 1.0786 (Δ: +0.3995)
5015.5s 301 Epoch  90/200 | Loss:  1.1718 | Val RMSE: 1.0786 ✓ | MAE: 0.8389 | R2: 0.4676 | LR: 0.004088 | 52.1s
5016.0s 302 🎯 New best! RMSE: 1.0786 (Δ: +0.3996)
5067.9s 303 Epoch  91/200 | Loss:  1.1715 | Val RMSE: 1.0785 ✓ | MAE: 0.8391 | R2: 0.4676 | LR: 0.004047 | 52.0s
5068.5s 304 🎯 New best! RMSE: 1.0785 (Δ: +0.3996)
5120.4s 305 Epoch  92/200 | Loss:  1.1715 | Val RMSE: 1.0785 ✓ | MAE: 0.8388 | R2: 0.4676 | LR: 0.004007 | 52.1s
5120.9s 306 🎯 New best! RMSE: 1.0785 (Δ: +0.3996)
5172.8s 307 Epoch  93/200 | Loss:  1.1714 | Val RMSE: 1.0785 ✓ | MAE: 0.8390 | R2: 0.4677 | LR: 0.003967 | 52.0s
5173.3s 308 🎯 New best! RMSE: 1.0785 (Δ: +0.3997)
5225.2s 309 Epoch  94/200 | Loss:  1.1712 | Val RMSE: 1.0784 ✓ | MAE: 0.8387 | R2: 0.4677 | LR: 0.003927 | 52.0s
5225.8s 310 🎯 New best! RMSE: 1.0784 (Δ: +0.3997)
5277.7s 311 Epoch  95/200 | Loss:  1.1710 | Val RMSE: 1.0784 ✓ | MAE: 0.8390 | R2: 0.4677 | LR: 0.003888 | 52.1s
5278.2s 312 🎯 New best! RMSE: 1.0784 (Δ: +0.3997)
5330.1s 313 Epoch  96/200 | Loss:  1.1709 | Val RMSE: 1.0784 ✓ | MAE: 0.8389 | R2: 0.4678 | LR: 0.003849 | 52.0s
5330.6s 314 🎯 New best! RMSE: 1.0784 (Δ: +0.3998)
5382.5s 315 Epoch  97/200 | Loss:  1.1706 | Val RMSE: 1.0783 ✓ | MAE: 0.8388 | R2: 0.4678 | LR: 0.003810 | 52.1s
5383.1s 316 🎯 New best! RMSE: 1.0783 (Δ: +0.3998)
5434.9s 317 Epoch  98/200 | Loss:  1.1706 | Val RMSE: 1.0783 ✓ | MAE: 0.8389 | R2: 0.4678 | LR: 0.003772 | 52.0s
5435.5s 318 🎯 New best! RMSE: 1.0783 (Δ: +0.3998)
5487.4s 319 Epoch  99/200 | Loss:  1.1704 | Val RMSE: 1.0783 ✓ | MAE: 0.8388 | R2: 0.4679 | LR: 0.003735 | 52.0s
5487.9s 320 🎯 New best! RMSE: 1.0783 (Δ: +0.3999)
5539.8s 321 Epoch 100/200 | Loss:  1.1703 | Val RMSE: 1.0782 ✓ | MAE: 0.8389 | R2: 0.4679 | LR: 0.003697 | 52.0s
5540.3s 322 🎯 New best! RMSE: 1.0782 (Δ: +0.3999)
5592.2s 323 Epoch 101/200 | Loss:  1.1700 | Val RMSE: 1.0782 ✓ | MAE: 0.8388 | R2: 0.4679 | LR: 0.003660 | 52.0s
5592.7s 324 🎯 New best! RMSE: 1.0782 (Δ: +0.3999)
5644.6s 325 Epoch 102/200 | Loss:  1.1700 | Val RMSE: 1.0782 ✓ | MAE: 0.8385 | R2: 0.4679 | LR: 0.003624 | 52.0s
5645.1s 326 🎯 New best! RMSE: 1.0782 (Δ: +0.4000)
5697.0s 327 Epoch 103/200 | Loss:  1.1700 | Val RMSE: 1.0782 ✓ | MAE: 0.8386 | R2: 0.4680 | LR: 0.003587 | 52.0s
5697.5s 328 🎯 New best! RMSE: 1.0782 (Δ: +0.4000)
5749.5s 329 Epoch 104/200 | Loss:  1.1698 | Val RMSE: 1.0781 ✓ | MAE: 0.8388 | R2: 0.4680 | LR: 0.003552 | 52.1s
5750.0s 330 🎯 New best! RMSE: 1.0781 (Δ: +0.4000)
5801.9s 331 Epoch 105/200 | Loss:  1.1697 | Val RMSE: 1.0781 ✓ | MAE: 0.8387 | R2: 0.4680 | LR: 0.003516 | 52.0s
5802.4s 332 🎯 New best! RMSE: 1.0781 (Δ: +0.4000)
5854.3s 333 Epoch 106/200 | Loss:  1.1696 | Val RMSE: 1.0781 ✓ | MAE: 0.8385 | R2: 0.4680 | LR: 0.003481 | 52.0s
5854.8s 334 🎯 New best! RMSE: 1.0781 (Δ: +0.4001)
5906.7s 335 Epoch 107/200 | Loss:  1.1695 | Val RMSE: 1.0780 ✓ | MAE: 0.8385 | R2: 0.4681 | LR: 0.003446 | 52.0s
5907.2s 336 🎯 New best! RMSE: 1.0780 (Δ: +0.4001)
5959.1s 337 Epoch 108/200 | Loss:  1.1693 | Val RMSE: 1.0780 ✓ | MAE: 0.8387 | R2: 0.4681 | LR: 0.003412 | 52.0s
5959.6s 338 🎯 New best! RMSE: 1.0780 (Δ: +0.4001)
6011.5s 339 Epoch 109/200 | Loss:  1.1692 | Val RMSE: 1.0780 ✓ | MAE: 0.8385 | R2: 0.4681 | LR: 0.003378 | 52.0s
6012.1s 340 🎯 New best! RMSE: 1.0780 (Δ: +0.4001)
6063.9s 341 Epoch 110/200 | Loss:  1.1692 | Val RMSE: 1.0780 ✓ | MAE: 0.8387 | R2: 0.4681 | LR: 0.003344 | 52.0s
6064.5s 342 🎯 New best! RMSE: 1.0780 (Δ: +0.4001)
6116.3s 343 Epoch 111/200 | Loss:  1.1690 | Val RMSE: 1.0779 ✓ | MAE: 0.8384 | R2: 0.4682 | LR: 0.003310 | 52.0s
6116.9s 344 🎯 New best! RMSE: 1.0779 (Δ: +0.4002)
6168.7s 345 Epoch 112/200 | Loss:  1.1689 | Val RMSE: 1.0779 ✓ | MAE: 0.8383 | R2: 0.4682 | LR: 0.003277 | 52.0s
6169.2s 346 🎯 New best! RMSE: 1.0779 (Δ: +0.4002)
6221.1s 347 Epoch 113/200 | Loss:  1.1687 | Val RMSE: 1.0779 ✓ | MAE: 0.8385 | R2: 0.4682 | LR: 0.003244 | 52.0s
6221.7s 348 🎯 New best! RMSE: 1.0779 (Δ: +0.4002)
6273.5s 349 Epoch 114/200 | Loss:  1.1687 | Val RMSE: 1.0779 ✓ | MAE: 0.8385 | R2: 0.4682 | LR: 0.003212 | 52.0s
6274.1s 350 🎯 New best! RMSE: 1.0779 (Δ: +0.4002)
6325.9s 351 Epoch 115/200 | Loss:  1.1686 | Val RMSE: 1.0779 ✓ | MAE: 0.8384 | R2: 0.4683 | LR: 0.003180 | 52.0s
6326.5s 352 🎯 New best! RMSE: 1.0779 (Δ: +0.4003)
6378.4s 353 Epoch 116/200 | Loss:  1.1686 | Val RMSE: 1.0778 ✓ | MAE: 0.8385 | R2: 0.4683 | LR: 0.003148 | 52.0s
6378.9s 354 🎯 New best! RMSE: 1.0778 (Δ: +0.4003)
6430.8s 355 Epoch 117/200 | Loss:  1.1683 | Val RMSE: 1.0778 ✓ | MAE: 0.8386 | R2: 0.4683 | LR: 0.003117 | 52.0s
6431.3s 356 🎯 New best! RMSE: 1.0778 (Δ: +0.4003)
6483.2s 357 Epoch 118/200 | Loss:  1.1684 | Val RMSE: 1.0778 ✓ | MAE: 0.8383 | R2: 0.4683 | LR: 0.003085 | 52.0s
6483.7s 358 🎯 New best! RMSE: 1.0778 (Δ: +0.4003)
6535.6s 359 Epoch 119/200 | Loss:  1.1683 | Val RMSE: 1.0778 ✓ | MAE: 0.8384 | R2: 0.4683 | LR: 0.003055 | 52.0s
6536.1s 360 🎯 New best! RMSE: 1.0778 (Δ: +0.4003)
6588.0s 361 Epoch 120/200 | Loss:  1.1681 | Val RMSE: 1.0778 ✓ | MAE: 0.8383 | R2: 0.4684 | LR: 0.003024 | 52.0s
6588.5s 362 🎯 New best! RMSE: 1.0778 (Δ: +0.4004)
6640.4s 363 Epoch 121/200 | Loss:  1.1681 | Val RMSE: 1.0777 ✓ | MAE: 0.8384 | R2: 0.4684 | LR: 0.002994 | 52.0s
6641.0s 364 🎯 New best! RMSE: 1.0777 (Δ: +0.4004)
6692.8s 365 Epoch 122/200 | Loss:  1.1680 | Val RMSE: 1.0777 ✓ | MAE: 0.8383 | R2: 0.4684 | LR: 0.002964 | 52.0s
6693.4s 366 🎯 New best! RMSE: 1.0777 (Δ: +0.4004)
6745.3s 367 Epoch 123/200 | Loss:  1.1680 | Val RMSE: 1.0777 ✓ | MAE: 0.8383 | R2: 0.4684 | LR: 0.002934 | 52.0s
6745.8s 368 🎯 New best! RMSE: 1.0777 (Δ: +0.4004)
6797.7s 369 Epoch 124/200 | Loss:  1.1678 | Val RMSE: 1.0777 ✓ | MAE: 0.8384 | R2: 0.4684 | LR: 0.002905 | 52.0s
6798.2s 370 🎯 New best! RMSE: 1.0777 (Δ: +0.4004)
6850.0s 371 Epoch 125/200 | Loss:  1.1679 | Val RMSE: 1.0777 ✓ | MAE: 0.8382 | R2: 0.4684 | LR: 0.002876 | 52.0s
6850.6s 372 🎯 New best! RMSE: 1.0777 (Δ: +0.4005)
6902.5s 373 Epoch 126/200 | Loss:  1.1677 | Val RMSE: 1.0777 ✓ | MAE: 0.8382 | R2: 0.4685 | LR: 0.002847 | 52.1s
6903.1s 374 🎯 New best! RMSE: 1.0777 (Δ: +0.4005)
6955.1s 375 Epoch 127/200 | Loss:  1.1676 | Val RMSE: 1.0776 ✓ | MAE: 0.8384 | R2: 0.4685 | LR: 0.002819 | 52.2s
6955.6s 376 🎯 New best! RMSE: 1.0776 (Δ: +0.4005)
7007.5s 377 Epoch 128/200 | Loss:  1.1675 | Val RMSE: 1.0776 ✓ | MAE: 0.8382 | R2: 0.4685 | LR: 0.002790 | 52.1s
7008.0s 378 🎯 New best! RMSE: 1.0776 (Δ: +0.4005)
7059.9s 379 Epoch 129/200 | Loss:  1.1674 | Val RMSE: 1.0776 ✓ | MAE: 0.8382 | R2: 0.4685 | LR: 0.002763 | 52.0s
7060.4s 380 🎯 New best! RMSE: 1.0776 (Δ: +0.4005)
7112.4s 381 Epoch 130/200 | Loss:  1.1674 | Val RMSE: 1.0776 ✓ | MAE: 0.8383 | R2: 0.4685 | LR: 0.002735 | 52.1s
7112.9s 382 🎯 New best! RMSE: 1.0776 (Δ: +0.4005)
7164.8s 383 Epoch 131/200 | Loss:  1.1674 | Val RMSE: 1.0776 ✓ | MAE: 0.8382 | R2: 0.4685 | LR: 0.002708 | 52.0s
7165.3s 384 🎯 New best! RMSE: 1.0776 (Δ: +0.4006)
7217.2s 385 Epoch 132/200 | Loss:  1.1673 | Val RMSE: 1.0776 ✓ | MAE: 0.8381 | R2: 0.4686 | LR: 0.002680 | 52.0s
7217.7s 386 🎯 New best! RMSE: 1.0776 (Δ: +0.4006)
7269.7s 387 Epoch 133/200 | Loss:  1.1671 | Val RMSE: 1.0775 ✓ | MAE: 0.8381 | R2: 0.4686 | LR: 0.002654 | 52.1s
7270.2s 388 🎯 New best! RMSE: 1.0775 (Δ: +0.4006)
7322.2s 389 Epoch 134/200 | Loss:  1.1671 | Val RMSE: 1.0775 ✓ | MAE: 0.8381 | R2: 0.4686 | LR: 0.002627 | 52.1s
7322.7s 390 🎯 New best! RMSE: 1.0775 (Δ: +0.4006)
7374.6s 391 Epoch 135/200 | Loss:  1.1671 | Val RMSE: 1.0775 ✓ | MAE: 0.8382 | R2: 0.4686 | LR: 0.002601 | 52.1s
7375.1s 392 🎯 New best! RMSE: 1.0775 (Δ: +0.4006)
7427.0s 393 Epoch 136/200 | Loss:  1.1670 | Val RMSE: 1.0775 ✓ | MAE: 0.8381 | R2: 0.4686 | LR: 0.002575 | 52.1s
7427.6s 394 🎯 New best! RMSE: 1.0775 (Δ: +0.4006)
7479.5s 395 Epoch 137/200 | Loss:  1.1670 | Val RMSE: 1.0775 ✓ | MAE: 0.8381 | R2: 0.4686 | LR: 0.002549 | 52.1s
7480.0s 396 🎯 New best! RMSE: 1.0775 (Δ: +0.4006)
7531.9s 397 Epoch 138/200 | Loss:  1.1668 | Val RMSE: 1.0775 ✓ | MAE: 0.8381 | R2: 0.4686 | LR: 0.002524 | 52.0s
7532.4s 398 🎯 New best! RMSE: 1.0775 (Δ: +0.4007)
7584.3s 399 Epoch 139/200 | Loss:  1.1668 | Val RMSE: 1.0775 ✓ | MAE: 0.8381 | R2: 0.4686 | LR: 0.002498 | 52.0s
7584.8s 400 🎯 New best! RMSE: 1.0775 (Δ: +0.4007)
7636.7s 401 Epoch 140/200 | Loss:  1.1666 | Val RMSE: 1.0775 ✓ | MAE: 0.8381 | R2: 0.4687 | LR: 0.002473 | 52.0s
7637.2s 402 🎯 New best! RMSE: 1.0775 (Δ: +0.4007)
7689.1s 403 Epoch 141/200 | Loss:  1.1666 | Val RMSE: 1.0774 ✓ | MAE: 0.8382 | R2: 0.4687 | LR: 0.002449 | 52.0s
7689.6s 404 🎯 New best! RMSE: 1.0774 (Δ: +0.4007)
7741.5s 405 Epoch 142/200 | Loss:  1.1666 | Val RMSE: 1.0774 ✓ | MAE: 0.8380 | R2: 0.4687 | LR: 0.002424 | 52.0s
7742.0s 406 🎯 New best! RMSE: 1.0774 (Δ: +0.4007)
7793.9s 407 Epoch 143/200 | Loss:  1.1665 | Val RMSE: 1.0774 ✓ | MAE: 0.8380 | R2: 0.4687 | LR: 0.002400 | 52.1s
7794.5s 408 🎯 New best! RMSE: 1.0774 (Δ: +0.4007)
7846.4s 409 Epoch 144/200 | Loss:  1.1665 | Val RMSE: 1.0774 ✓ | MAE: 0.8381 | R2: 0.4687 | LR: 0.002376 | 52.1s
7846.9s 410 🎯 New best! RMSE: 1.0774 (Δ: +0.4007)
7898.9s 411 Epoch 145/200 | Loss:  1.1664 | Val RMSE: 1.0774 ✓ | MAE: 0.8382 | R2: 0.4687 | LR: 0.002352 | 52.1s
7899.4s 412 🎯 New best! RMSE: 1.0774 (Δ: +0.4007)
7951.4s 413 Epoch 146/200 | Loss:  1.1664 | Val RMSE: 1.0774 ✓ | MAE: 0.8379 | R2: 0.4687 | LR: 0.002329 | 52.1s
7952.0s 414 🎯 New best! RMSE: 1.0774 (Δ: +0.4008)
8003.9s 415 Epoch 147/200 | Loss:  1.1664 | Val RMSE: 1.0774 ✓ | MAE: 0.8381 | R2: 0.4687 | LR: 0.002305 | 52.1s
8004.4s 416 🎯 New best! RMSE: 1.0774 (Δ: +0.4008)
8056.3s 417 Epoch 148/200 | Loss:  1.1664 | Val RMSE: 1.0774 ✓ | MAE: 0.8380 | R2: 0.4688 | LR: 0.002282 | 52.1s
8056.8s 418 🎯 New best! RMSE: 1.0774 (Δ: +0.4008)
8108.7s 419 Epoch 149/200 | Loss:  1.1662 | Val RMSE: 1.0773 ✓ | MAE: 0.8380 | R2: 0.4688 | LR: 0.002259 | 52.0s
8109.2s 420 🎯 New best! RMSE: 1.0773 (Δ: +0.4008)
8161.1s 421 Epoch 150/200 | Loss:  1.1663 | Val RMSE: 1.0773 ✓ | MAE: 0.8380 | R2: 0.4688 | LR: 0.002237 | 52.0s
8161.6s 422 🎯 New best! RMSE: 1.0773 (Δ: +0.4008)
8213.5s 423 Epoch 151/200 | Loss:  1.1661 | Val RMSE: 1.0773 ✓ | MAE: 0.8379 | R2: 0.4688 | LR: 0.002215 | 52.1s
8214.0s 424 🎯 New best! RMSE: 1.0773 (Δ: +0.4008)
8265.9s 425 Epoch 152/200 | Loss:  1.1660 | Val RMSE: 1.0773 ✓ | MAE: 0.8382 | R2: 0.4688 | LR: 0.002192 | 52.0s
8266.4s 426 🎯 New best! RMSE: 1.0773 (Δ: +0.4008)
8318.3s 427 Epoch 153/200 | Loss:  1.1660 | Val RMSE: 1.0773 ✓ | MAE: 0.8380 | R2: 0.4688 | LR: 0.002170 | 52.0s
8318.8s 428 🎯 New best! RMSE: 1.0773 (Δ: +0.4008)
8370.7s 429 Epoch 154/200 | Loss:  1.1660 | Val RMSE: 1.0773 ✓ | MAE: 0.8381 | R2: 0.4688 | LR: 0.002149 | 52.0s
8371.2s 430 🎯 New best! RMSE: 1.0773 (Δ: +0.4008)
8423.2s 431 Epoch 155/200 | Loss:  1.1660 | Val RMSE: 1.0773 ✓ | MAE: 0.8380 | R2: 0.4688 | LR: 0.002127 | 52.1s
8423.7s 432 🎯 New best! RMSE: 1.0773 (Δ: +0.4008)
8475.7s 433 Epoch 156/200 | Loss:  1.1659 | Val RMSE: 1.0773 ✓ | MAE: 0.8380 | R2: 0.4688 | LR: 0.002106 | 52.1s
8476.2s 434 🎯 New best! RMSE: 1.0773 (Δ: +0.4009)
8528.2s 435 Epoch 157/200 | Loss:  1.1659 | Val RMSE: 1.0773 ✓ | MAE: 0.8378 | R2: 0.4689 | LR: 0.002085 | 52.1s
8528.7s 436 🎯 New best! RMSE: 1.0773 (Δ: +0.4009)
8580.7s 437 Epoch 158/200 | Loss:  1.1659 | Val RMSE: 1.0773 ✓ | MAE: 0.8380 | R2: 0.4689 | LR: 0.002064 | 52.1s
8581.2s 438 🎯 New best! RMSE: 1.0773 (Δ: +0.4009)
8633.1s 439 Epoch 159/200 | Loss:  1.1658 | Val RMSE: 1.0772 ✓ | MAE: 0.8380 | R2: 0.4689 | LR: 0.002043 | 52.1s
8633.7s 440 🎯 New best! RMSE: 1.0772 (Δ: +0.4009)
8685.6s 441 Epoch 160/200 | Loss:  1.1657 | Val RMSE: 1.0772 ✓ | MAE: 0.8379 | R2: 0.4689 | LR: 0.002023 | 52.1s
8686.1s 442 🎯 New best! RMSE: 1.0772 (Δ: +0.4009)
8738.1s 443 Epoch 161/200 | Loss:  1.1656 | Val RMSE: 1.0772 ✓ | MAE: 0.8380 | R2: 0.4689 | LR: 0.002003 | 52.2s
8738.7s 444 🎯 New best! RMSE: 1.0772 (Δ: +0.4009)
8790.6s 445 Epoch 162/200 | Loss:  1.1657 | Val RMSE: 1.0772 ✓ | MAE: 0.8379 | R2: 0.4689 | LR: 0.001983 | 52.1s
8791.1s 446 🎯 New best! RMSE: 1.0772 (Δ: +0.4009)
8843.1s 447 Epoch 163/200 | Loss:  1.1656 | Val RMSE: 1.0772 ✓ | MAE: 0.8378 | R2: 0.4689 | LR: 0.001963 | 52.1s
8843.7s 448 🎯 New best! RMSE: 1.0772 (Δ: +0.4009)
8895.6s 449 Epoch 164/200 | Loss:  1.1656 | Val RMSE: 1.0772 ✓ | MAE: 0.8380 | R2: 0.4689 | LR: 0.001943 | 52.1s
8896.1s 450 🎯 New best! RMSE: 1.0772 (Δ: +0.4009)
8948.1s 451 Epoch 165/200 | Loss:  1.1655 | Val RMSE: 1.0772 ✓ | MAE: 0.8378 | R2: 0.4689 | LR: 0.001924 | 52.2s
8948.7s 452 🎯 New best! RMSE: 1.0772 (Δ: +0.4009)
9000.7s 453 Epoch 166/200 | Loss:  1.1655 | Val RMSE: 1.0772 ✓ | MAE: 0.8380 | R2: 0.4689 | LR: 0.001905 | 52.2s
9001.3s 454 🎯 New best! RMSE: 1.0772 (Δ: +0.4009)
9053.4s 455 Epoch 167/200 | Loss:  1.1656 | Val RMSE: 1.0772 ✓ | MAE: 0.8378 | R2: 0.4689 | LR: 0.001886 | 52.3s
9054.0s 456 🎯 New best! RMSE: 1.0772 (Δ: +0.4010)
9106.0s 457 Epoch 168/200 | Loss:  1.1654 | Val RMSE: 1.0772 ✓ | MAE: 0.8379 | R2: 0.4689 | LR: 0.001867 | 52.3s
9106.6s 458 🎯 New best! RMSE: 1.0772 (Δ: +0.4010)
9158.6s 459 Epoch 169/200 | Loss:  1.1654 | Val RMSE: 1.0772 ✓ | MAE: 0.8379 | R2: 0.4690 | LR: 0.001848 | 52.2s
9159.2s 460 🎯 New best! RMSE: 1.0772 (Δ: +0.4010)
9211.3s 461 Epoch 170/200 | Loss:  1.1654 | Val RMSE: 1.0771 ✓ | MAE: 0.8379 | R2: 0.4690 | LR: 0.001830 | 52.3s
9211.9s 462 🎯 New best! RMSE: 1.0771 (Δ: +0.4010)
9263.8s 463 Epoch 171/200 | Loss:  1.1653 | Val RMSE: 1.0771 ✓ | MAE: 0.8378 | R2: 0.4690 | LR: 0.001811 | 52.2s
9264.4s 464 🎯 New best! RMSE: 1.0771 (Δ: +0.4010)
9316.4s 465 Epoch 172/200 | Loss:  1.1653 | Val RMSE: 1.0771 ✓ | MAE: 0.8378 | R2: 0.4690 | LR: 0.001793 | 52.2s
9317.0s 466 🎯 New best! RMSE: 1.0771 (Δ: +0.4010)
9369.0s 467 Epoch 173/200 | Loss:  1.1653 | Val RMSE: 1.0771 ✓ | MAE: 0.8380 | R2: 0.4690 | LR: 0.001775 | 52.2s
9369.5s 468 🎯 New best! RMSE: 1.0771 (Δ: +0.4010)
9421.5s 469 Epoch 174/200 | Loss:  1.1652 | Val RMSE: 1.0771 ✓ | MAE: 0.8379 | R2: 0.4690 | LR: 0.001757 | 52.2s
9422.0s 470 🎯 New best! RMSE: 1.0771 (Δ: +0.4010)
9474.1s 471 Epoch 175/200 | Loss:  1.1652 | Val RMSE: 1.0771 ✓ | MAE: 0.8379 | R2: 0.4690 | LR: 0.001740 | 52.2s
9474.6s 472 🎯 New best! RMSE: 1.0771 (Δ: +0.4010)
9526.6s 473 Epoch 176/200 | Loss:  1.1652 | Val RMSE: 1.0771 ✓ | MAE: 0.8378 | R2: 0.4690 | LR: 0.001722 | 52.1s
9527.1s 474 🎯 New best! RMSE: 1.0771 (Δ: +0.4010)
9579.1s 475 Epoch 177/200 | Loss:  1.1651 | Val RMSE: 1.0771 ✓ | MAE: 0.8379 | R2: 0.4690 | LR: 0.001705 | 52.1s
9579.6s 476 🎯 New best! RMSE: 1.0771 (Δ: +0.4010)
9631.6s 477 Epoch 178/200 | Loss:  1.1651 | Val RMSE: 1.0771 ✓ | MAE: 0.8379 | R2: 0.4690 | LR: 0.001688 | 52.1s
9632.1s 478 🎯 New best! RMSE: 1.0771 (Δ: +0.4010)
9684.2s 479 Epoch 179/200 | Loss:  1.1651 | Val RMSE: 1.0771 ✓ | MAE: 0.8378 | R2: 0.4690 | LR: 0.001671 | 52.3s
9684.8s 480 🎯 New best! RMSE: 1.0771 (Δ: +0.4010)
9736.9s 481 Epoch 180/200 | Loss:  1.1651 | Val RMSE: 1.0771 ✓ | MAE: 0.8377 | R2: 0.4690 | LR: 0.001655 | 52.4s
9737.5s 482 🎯 New best! RMSE: 1.0771 (Δ: +0.4011)
9789.6s 483 Epoch 181/200 | Loss:  1.1650 | Val RMSE: 1.0771 ✓ | MAE: 0.8379 | R2: 0.4690 | LR: 0.001638 | 52.3s
9790.2s 484 🎯 New best! RMSE: 1.0771 (Δ: +0.4011)
9842.3s 485 Epoch 182/200 | Loss:  1.1649 | Val RMSE: 1.0771 ✓ | MAE: 0.8379 | R2: 0.4690 | LR: 0.001622 | 52.2s
9842.8s 486 🎯 New best! RMSE: 1.0771 (Δ: +0.4011)
9894.8s 487 Epoch 183/200 | Loss:  1.1650 | Val RMSE: 1.0771 ✓ | MAE: 0.8378 | R2: 0.4691 | LR: 0.001605 | 52.2s
9895.4s 488 🎯 New best! RMSE: 1.0771 (Δ: +0.4011)
9947.5s 489 Epoch 184/200 | Loss:  1.1650 | Val RMSE: 1.0770 ✓ | MAE: 0.8377 | R2: 0.4691 | LR: 0.001589 | 52.3s
9948.0s 490 🎯 New best! RMSE: 1.0770 (Δ: +0.4011)
10000.0s 491 Epoch 185/200 | Loss:  1.1649 | Val RMSE: 1.0770 ✓ | MAE: 0.8378 | R2: 0.4691 | LR: 0.001574 | 52.1s
10000.5s 492 🎯 New best! RMSE: 1.0770 (Δ: +0.4011)
10052.4s 493 Epoch 186/200 | Loss:  1.1649 | Val RMSE: 1.0770 ✓ | MAE: 0.8378 | R2: 0.4691 | LR: 0.001558 | 52.1s
10053.0s 494 🎯 New best! RMSE: 1.0770 (Δ: +0.4011)
10105.0s 495 Epoch 187/200 | Loss:  1.1649 | Val RMSE: 1.0770 ✓ | MAE: 0.8377 | R2: 0.4691 | LR: 0.001542 | 52.2s
10105.5s 496 🎯 New best! RMSE: 1.0770 (Δ: +0.4011)
10157.4s 497 Epoch 188/200 | Loss:  1.1648 | Val RMSE: 1.0770 ✓ | MAE: 0.8377 | R2: 0.4691 | LR: 0.001527 | 52.1s
10158.0s 498 🎯 New best! RMSE: 1.0770 (Δ: +0.4011)
10209.9s 499 Epoch 189/200 | Loss:  1.1648 | Val RMSE: 1.0770 ✓ | MAE: 0.8377 | R2: 0.4691 | LR: 0.001512 | 52.1s
10210.4s 500 🎯 New best! RMSE: 1.0770 (Δ: +0.4011)
10262.5s 501 Epoch 190/200 | Loss:  1.1648 | Val RMSE: 1.0770 ✓ | MAE: 0.8378 | R2: 0.4691 | LR: 0.001496 | 52.2s
10263.0s 502 🎯 New best! RMSE: 1.0770 (Δ: +0.4011)
10315.1s 503 Epoch 191/200 | Loss:  1.1647 | Val RMSE: 1.0770 ✓ | MAE: 0.8377 | R2: 0.4691 | LR: 0.001481 | 52.3s
10315.7s 504 🎯 New best! RMSE: 1.0770 (Δ: +0.4011)
10367.7s 505 Epoch 192/200 | Loss:  1.1647 | Val RMSE: 1.0770 ✓ | MAE: 0.8378 | R2: 0.4691 | LR: 0.001467 | 52.2s
10368.2s 506 🎯 New best! RMSE: 1.0770 (Δ: +0.4011)
10420.1s 507 Epoch 193/200 | Loss:  1.1647 | Val RMSE: 1.0770 ✓ | MAE: 0.8379 | R2: 0.4691 | LR: 0.001452 | 52.1s
10420.7s 508 🎯 New best! RMSE: 1.0770 (Δ: +0.4011)
10472.7s 509 Epoch 194/200 | Loss:  1.1647 | Val RMSE: 1.0770 ✓ | MAE: 0.8377 | R2: 0.4691 | LR: 0.001437 | 52.2s
10473.2s 510 🎯 New best! RMSE: 1.0770 (Δ: +0.4011)
10525.2s 511 Epoch 195/200 | Loss:  1.1647 | Val RMSE: 1.0770 ✓ | MAE: 0.8377 | R2: 0.4691 | LR: 0.001423 | 52.2s
10525.8s 512 🎯 New best! RMSE: 1.0770 (Δ: +0.4011)
10577.8s 513 Epoch 196/200 | Loss:  1.1646 | Val RMSE: 1.0770 ✓ | MAE: 0.8378 | R2: 0.4691 | LR: 0.001409 | 52.2s
10578.3s 514 🎯 New best! RMSE: 1.0770 (Δ: +0.4011)
10630.2s 515 Epoch 197/200 | Loss:  1.1646 | Val RMSE: 1.0770 ✓ | MAE: 0.8377 | R2: 0.4691 | LR: 0.001395 | 52.1s
10630.8s 516 🎯 New best! RMSE: 1.0770 (Δ: +0.4012)
10682.7s 517 Epoch 198/200 | Loss:  1.1645 | Val RMSE: 1.0770 ✓ | MAE: 0.8376 | R2: 0.4691 | LR: 0.001381 | 52.1s
10683.3s 518 🎯 New best! RMSE: 1.0770 (Δ: +0.4012)
10735.3s 519 Epoch 199/200 | Loss:  1.1646 | Val RMSE: 1.0770 ✓ | MAE: 0.8378 | R2: 0.4691 | LR: 0.001367 | 52.2s
10735.9s 520 🎯 New best! RMSE: 1.0770 (Δ: +0.4012)
10787.9s 521 Epoch 200/200 | Loss:  1.1646 | Val RMSE: 1.0770 ✓ | MAE: 0.8377 | R2: 0.4691 | LR: 0.001353 | 52.2s
10788.2s 522 🎯 New best! RMSE: 1.0770 (Δ: +0.4012)
10788.2s 523 
10788.2s 524 ======================================================================
10788.2s 525 FINAL EVALUATION
10788.2s 526 ======================================================================
10789.7s 527 
10789.7s 528 📊 Baseline RMSE: 1.4781
10789.7s 529 
10789.7s 530 📈 Training Set:
10789.7s 531 MSE: 1.1611 | RMSE: 1.0775 | MAE: 0.8380 | R2: 0.4690
10789.7s 532 
10789.7s 533 📈 Validation Set:
10789.7s 534 MSE: 1.1598 | RMSE: 1.0770 | MAE: 0.8377 | R2: 0.4691
10789.7s 535 
10789.7s 536 ✓ Improvement: +0.4012
10789.7s 537 📉 Overfitting gap: 0.0006
10789.7s 538 ✓ Good generalization!
10789.7s 539 
10789.7s 540 ✓ Training completed!
10791.7s 541 ✓ Model saved to /kaggle/working/models/fm_city_cat_emb_k128.npz
10791.7s 542 ✓ Training history saved
10795.9s 543 /usr/local/lib/python3.12/dist-packages/mistune.py:435: SyntaxWarning: invalid escape sequence '\|'
10795.9s 544 cells[i][c] = re.sub('\\\\\|', '|', cell)
10796.0s 545 /usr/local/lib/python3.12/dist-packages/nbconvert/filters/filter_links.py:36: SyntaxWarning: invalid escape sequence '\_'
10796.0s 546 text = re.sub(r'_', '\_', text) # Escape underscores in display text
10796.6s 547 [NbConvertApp] Converting notebook __notebook__.ipynb to notebook
10797.0s 548 [NbConvertApp] Writing 73672 bytes to __notebook__.ipynb
10799.4s 549 [NbConvertApp] Converting notebook __notebook__.ipynb to html
10800.3s 550 [NbConvertApp] Writing 448832 bytes to __results__.html