6.5s 1 0.00s - Debugger warning: It seems that frozen modules are being used, which may
6.5s 2 0.00s - make the debugger miss breakpoints. Please pass -Xfrozen_modules=off
6.5s 3 0.00s - to python to disable frozen modules.
6.5s 4 0.00s - Note: Debugging will proceed. Set PYDEVD_DISABLE_FILE_VALIDATION=1 to disable this validation.
7.1s 5 0.00s - Debugger warning: It seems that frozen modules are being used, which may
7.1s 6 0.00s - make the debugger miss breakpoints. Please pass -Xfrozen_modules=off
7.1s 7 0.00s - to python to disable frozen modules.
7.1s 8 0.00s - Note: Debugging will proceed. Set PYDEVD_DISABLE_FILE_VALIDATION=1 to disable this validation.
9.5s 9 ======================================================================
9.5s 10 🚀 FM - CHI-SQUARE (15f) + EXPONENTIAL DECAY
9.5s 11 ======================================================================
9.5s 12 
9.5s 13 Loading user context from /kaggle/input/datasets/organizations/yelp-dataset/yelp-dataset/yelp_academic_dataset_user.json...
83.9s 14 ✓ Loaded 1,987,897 users
83.9s 15 Loading business context from /kaggle/input/datasets/organizations/yelp-dataset/yelp-dataset/yelp_academic_dataset_business.json...
86.2s 16 ✓ Loaded 150,346 businesses
86.2s 17 ✓ Unique cities: 1,381, categories: 1,160
86.2s 18 Loading checkin context from /kaggle/input/datasets/organizations/yelp-dataset/yelp-dataset/yelp_academic_dataset_checkin.json...
90.3s 19 ✓ Loaded 131,930 businesses with checkin data
90.3s 20 Loading tip context from /kaggle/input/datasets/organizations/yelp-dataset/yelp-dataset/yelp_academic_dataset_tip.json...
96.5s 21 ✓ Loaded tips for 301,758 users and 106,193 businesses
96.5s 22 
96.5s 23 Loading reviews from /kaggle/input/datasets/organizations/yelp-dataset/yelp-dataset/yelp_academic_dataset_review.json...
96.5s 24 ⚠️  Limited to first 1,000,000 reviews
99.4s 25 Loaded 100,000 reviews...
102.2s 26 Loaded 200,000 reviews...
105.0s 27 Loaded 300,000 reviews...
107.8s 28 Loaded 400,000 reviews...
110.6s 29 Loaded 500,000 reviews...
113.3s 30 Loaded 600,000 reviews...
116.1s 31 Loaded 700,000 reviews...
118.8s 32 Loaded 800,000 reviews...
121.6s 33 Loaded 900,000 reviews...
124.8s 34 Loaded 1,000,000 reviews...
124.8s 35 ✓ Total: 1,000,000 reviews loaded
124.8s 36 ✓ Unique users: 542,003
124.8s 37 ✓ Unique businesses: 27,095
124.8s 38 ✓ Numerical features per sample: 15
125.1s 39 
125.1s 40 ======================================================================
125.1s 41 🚀 TRAINING FM — Chi-square Features (15f) + Exponential Decay
125.1s 42 ======================================================================
125.1s 43 
125.1s 44 Dataset split:
125.1s 45 Train: 900,000 | Val: 100,000
125.1s 46 
125.1s 47 Moving data to GPU...
125.6s 48 ✓ Data on GPU
127.1s 49 
127.1s 50 📊 Baseline RMSE: 1.4456
127.1s 51 
127.1s 52 🔧 Initializing FM model on GPU:
127.1s 53 Users: 542,003, Businesses: 27,095
127.1s 54 Numerical features: 15
127.1s 55 Embedding dimension: 64
127.1s 56 Regularization: 0.001, Dropout: 0.3
127.4s 57 ✓ Model initialized on GPU
127.4s 58 
127.4s 59 Config: Epochs=100 | Batch=8192 | LR=0.01 (exp decay=0.99)
127.4s 60 k=64 | Reg=0.001 | Dropout=0.3 | Patience=20
127.4s 61 
127.4s 62 ----------------------------------------------------------------------
131.8s 63 Epoch   1/100 | Loss:  3.8285 | Val RMSE: 1.3633 ✓ | MAE: 1.1585 | R2: 0.1106 | LR: 0.010000 | 4.5s
131.8s 64 🎯 New best! RMSE: 1.3633 (Δ: +0.0823)
133.3s 65 Epoch   2/100 | Loss:  1.8865 | Val RMSE: 1.3411 ✓ | MAE: 1.1298 | R2: 0.1393 | LR: 0.009900 | 1.4s
133.3s 66 🎯 New best! RMSE: 1.3411 (Δ: +0.1045)
134.7s 67 Epoch   3/100 | Loss:  1.8193 | Val RMSE: 1.3236 ✓ | MAE: 1.1134 | R2: 0.1616 | LR: 0.009801 | 1.3s
134.7s 68 🎯 New best! RMSE: 1.3236 (Δ: +0.1220)
136.1s 69 Epoch   4/100 | Loss:  1.7668 | Val RMSE: 1.3090 ✓ | MAE: 1.0991 | R2: 0.1800 | LR: 0.009703 | 1.3s
136.1s 70 🎯 New best! RMSE: 1.3090 (Δ: +0.1366)
137.5s 71 Epoch   5/100 | Loss:  1.7250 | Val RMSE: 1.2965 ✓ | MAE: 1.0868 | R2: 0.1956 | LR: 0.009606 | 1.3s
137.5s 72 🎯 New best! RMSE: 1.2965 (Δ: +0.1491)
138.9s 73 Epoch   6/100 | Loss:  1.6901 | Val RMSE: 1.2855 ✓ | MAE: 1.0763 | R2: 0.2092 | LR: 0.009510 | 1.3s
138.9s 74 🎯 New best! RMSE: 1.2855 (Δ: +0.1601)
140.2s 75 Epoch   7/100 | Loss:  1.6601 | Val RMSE: 1.2757 ✓ | MAE: 1.0664 | R2: 0.2212 | LR: 0.009415 | 1.3s
140.2s 76 🎯 New best! RMSE: 1.2757 (Δ: +0.1699)
141.7s 77 Epoch   8/100 | Loss:  1.6339 | Val RMSE: 1.2669 ✓ | MAE: 1.0579 | R2: 0.2320 | LR: 0.009321 | 1.4s
141.7s 78 🎯 New best! RMSE: 1.2669 (Δ: +0.1787)
143.1s 79 Epoch   9/100 | Loss:  1.6103 | Val RMSE: 1.2588 ✓ | MAE: 1.0495 | R2: 0.2417 | LR: 0.009227 | 1.3s
143.1s 80 🎯 New best! RMSE: 1.2588 (Δ: +0.1868)
144.4s 81 Epoch  10/100 | Loss:  1.5901 | Val RMSE: 1.2513 ✓ | MAE: 1.0419 | R2: 0.2507 | LR: 0.009135 | 1.3s
144.4s 82 🎯 New best! RMSE: 1.2513 (Δ: +0.1943)
145.8s 83 Epoch  11/100 | Loss:  1.5707 | Val RMSE: 1.2444 ✓ | MAE: 1.0348 | R2: 0.2589 | LR: 0.009044 | 1.3s
145.8s 84 🎯 New best! RMSE: 1.2444 (Δ: +0.2012)
147.2s 85 Epoch  12/100 | Loss:  1.5536 | Val RMSE: 1.2380 ✓ | MAE: 1.0284 | R2: 0.2666 | LR: 0.008953 | 1.3s
147.2s 86 🎯 New best! RMSE: 1.2380 (Δ: +0.2076)
148.6s 87 Epoch  13/100 | Loss:  1.5377 | Val RMSE: 1.2319 ✓ | MAE: 1.0215 | R2: 0.2737 | LR: 0.008864 | 1.4s
148.6s 88 🎯 New best! RMSE: 1.2319 (Δ: +0.2137)
150.0s 89 Epoch  14/100 | Loss:  1.5237 | Val RMSE: 1.2262 ✓ | MAE: 1.0156 | R2: 0.2805 | LR: 0.008775 | 1.3s
150.0s 90 🎯 New best! RMSE: 1.2262 (Δ: +0.2194)
151.5s 91 Epoch  15/100 | Loss:  1.5085 | Val RMSE: 1.2209 ✓ | MAE: 1.0103 | R2: 0.2867 | LR: 0.008687 | 1.4s
151.5s 92 🎯 New best! RMSE: 1.2209 (Δ: +0.2247)
152.9s 93 Epoch  16/100 | Loss:  1.4955 | Val RMSE: 1.2158 ✓ | MAE: 1.0049 | R2: 0.2926 | LR: 0.008601 | 1.3s
152.9s 94 🎯 New best! RMSE: 1.2158 (Δ: +0.2298)
154.3s 95 Epoch  17/100 | Loss:  1.4824 | Val RMSE: 1.2110 ✓ | MAE: 1.0001 | R2: 0.2982 | LR: 0.008515 | 1.3s
154.3s 96 🎯 New best! RMSE: 1.2110 (Δ: +0.2346)
155.7s 97 Epoch  18/100 | Loss:  1.4713 | Val RMSE: 1.2065 ✓ | MAE: 0.9950 | R2: 0.3035 | LR: 0.008429 | 1.3s
155.7s 98 🎯 New best! RMSE: 1.2065 (Δ: +0.2391)
157.1s 99 Epoch  19/100 | Loss:  1.4614 | Val RMSE: 1.2021 ✓ | MAE: 0.9904 | R2: 0.3085 | LR: 0.008345 | 1.3s
157.1s 100 🎯 New best! RMSE: 1.2021 (Δ: +0.2435)
158.5s 101 Epoch  20/100 | Loss:  1.4506 | Val RMSE: 1.1980 ✓ | MAE: 0.9860 | R2: 0.3132 | LR: 0.008262 | 1.3s
158.5s 102 🎯 New best! RMSE: 1.1980 (Δ: +0.2476)
159.9s 103 Epoch  21/100 | Loss:  1.4403 | Val RMSE: 1.1941 ✓ | MAE: 0.9816 | R2: 0.3176 | LR: 0.008179 | 1.3s
159.9s 104 🎯 New best! RMSE: 1.1941 (Δ: +0.2515)
161.3s 105 Epoch  22/100 | Loss:  1.4302 | Val RMSE: 1.1904 ✓ | MAE: 0.9775 | R2: 0.3219 | LR: 0.008097 | 1.4s
161.3s 106 🎯 New best! RMSE: 1.1904 (Δ: +0.2552)
162.7s 107 Epoch  23/100 | Loss:  1.4219 | Val RMSE: 1.1869 ✓ | MAE: 0.9735 | R2: 0.3259 | LR: 0.008016 | 1.4s
162.7s 108 🎯 New best! RMSE: 1.1869 (Δ: +0.2587)
164.1s 109 Epoch  24/100 | Loss:  1.4133 | Val RMSE: 1.1835 ✓ | MAE: 0.9696 | R2: 0.3297 | LR: 0.007936 | 1.3s
164.1s 110 🎯 New best! RMSE: 1.1835 (Δ: +0.2621)
165.5s 111 Epoch  25/100 | Loss:  1.4048 | Val RMSE: 1.1802 ✓ | MAE: 0.9663 | R2: 0.3334 | LR: 0.007857 | 1.3s
165.5s 112 🎯 New best! RMSE: 1.1802 (Δ: +0.2653)
166.8s 113 Epoch  26/100 | Loss:  1.3973 | Val RMSE: 1.1772 ✓ | MAE: 0.9625 | R2: 0.3369 | LR: 0.007778 | 1.3s
166.8s 114 🎯 New best! RMSE: 1.1772 (Δ: +0.2684)
168.2s 115 Epoch  27/100 | Loss:  1.3897 | Val RMSE: 1.1742 ✓ | MAE: 0.9594 | R2: 0.3402 | LR: 0.007700 | 1.3s
168.2s 116 🎯 New best! RMSE: 1.1742 (Δ: +0.2714)
169.6s 117 Epoch  28/100 | Loss:  1.3827 | Val RMSE: 1.1714 ✓ | MAE: 0.9565 | R2: 0.3433 | LR: 0.007623 | 1.3s
169.6s 118 🎯 New best! RMSE: 1.1714 (Δ: +0.2742)
171.0s 119 Epoch  29/100 | Loss:  1.3764 | Val RMSE: 1.1687 ✓ | MAE: 0.9528 | R2: 0.3463 | LR: 0.007547 | 1.3s
171.0s 120 🎯 New best! RMSE: 1.1687 (Δ: +0.2769)
172.4s 121 Epoch  30/100 | Loss:  1.3706 | Val RMSE: 1.1661 ✓ | MAE: 0.9497 | R2: 0.3492 | LR: 0.007472 | 1.4s
172.4s 122 🎯 New best! RMSE: 1.1661 (Δ: +0.2794)
173.8s 123 Epoch  31/100 | Loss:  1.3638 | Val RMSE: 1.1637 ✓ | MAE: 0.9468 | R2: 0.3520 | LR: 0.007397 | 1.3s
173.8s 124 🎯 New best! RMSE: 1.1637 (Δ: +0.2819)
175.2s 125 Epoch  32/100 | Loss:  1.3588 | Val RMSE: 1.1613 ✓ | MAE: 0.9442 | R2: 0.3546 | LR: 0.007323 | 1.3s
175.2s 126 🎯 New best! RMSE: 1.1613 (Δ: +0.2843)
176.6s 127 Epoch  33/100 | Loss:  1.3526 | Val RMSE: 1.1591 ✓ | MAE: 0.9417 | R2: 0.3571 | LR: 0.007250 | 1.3s
176.6s 128 🎯 New best! RMSE: 1.1591 (Δ: +0.2865)
178.0s 129 Epoch  34/100 | Loss:  1.3469 | Val RMSE: 1.1569 ✓ | MAE: 0.9390 | R2: 0.3595 | LR: 0.007177 | 1.3s
178.0s 130 🎯 New best! RMSE: 1.1569 (Δ: +0.2887)
179.4s 131 Epoch  35/100 | Loss:  1.3420 | Val RMSE: 1.1548 ✓ | MAE: 0.9361 | R2: 0.3618 | LR: 0.007106 | 1.3s
179.4s 132 🎯 New best! RMSE: 1.1548 (Δ: +0.2908)
180.8s 133 Epoch  36/100 | Loss:  1.3379 | Val RMSE: 1.1528 ✓ | MAE: 0.9337 | R2: 0.3640 | LR: 0.007034 | 1.3s
180.8s 134 🎯 New best! RMSE: 1.1528 (Δ: +0.2928)
182.2s 135 Epoch  37/100 | Loss:  1.3329 | Val RMSE: 1.1509 ✓ | MAE: 0.9313 | R2: 0.3661 | LR: 0.006964 | 1.4s
182.2s 136 🎯 New best! RMSE: 1.1509 (Δ: +0.2947)
183.6s 137 Epoch  38/100 | Loss:  1.3282 | Val RMSE: 1.1491 ✓ | MAE: 0.9292 | R2: 0.3681 | LR: 0.006894 | 1.3s
183.6s 138 🎯 New best! RMSE: 1.1491 (Δ: +0.2965)
185.0s 139 Epoch  39/100 | Loss:  1.3235 | Val RMSE: 1.1473 ✓ | MAE: 0.9268 | R2: 0.3701 | LR: 0.006826 | 1.3s
185.0s 140 🎯 New best! RMSE: 1.1473 (Δ: +0.2983)
186.4s 141 Epoch  40/100 | Loss:  1.3202 | Val RMSE: 1.1456 ✓ | MAE: 0.9248 | R2: 0.3720 | LR: 0.006757 | 1.3s
186.4s 142 🎯 New best! RMSE: 1.1456 (Δ: +0.3000)
187.8s 143 Epoch  41/100 | Loss:  1.3152 | Val RMSE: 1.1440 ✓ | MAE: 0.9226 | R2: 0.3737 | LR: 0.006690 | 1.3s
187.8s 144 🎯 New best! RMSE: 1.1440 (Δ: +0.3016)
189.2s 145 Epoch  42/100 | Loss:  1.3118 | Val RMSE: 1.1424 ✓ | MAE: 0.9209 | R2: 0.3755 | LR: 0.006623 | 1.3s
189.2s 146 🎯 New best! RMSE: 1.1424 (Δ: +0.3032)
190.6s 147 Epoch  43/100 | Loss:  1.3088 | Val RMSE: 1.1409 ✓ | MAE: 0.9187 | R2: 0.3771 | LR: 0.006557 | 1.3s
190.6s 148 🎯 New best! RMSE: 1.1409 (Δ: +0.3047)
192.0s 149 Epoch  44/100 | Loss:  1.3052 | Val RMSE: 1.1395 ✓ | MAE: 0.9169 | R2: 0.3787 | LR: 0.006491 | 1.4s
192.0s 150 🎯 New best! RMSE: 1.1395 (Δ: +0.3061)
193.4s 151 Epoch  45/100 | Loss:  1.3014 | Val RMSE: 1.1380 ✓ | MAE: 0.9152 | R2: 0.3802 | LR: 0.006426 | 1.3s
193.4s 152 🎯 New best! RMSE: 1.1380 (Δ: +0.3075)
194.8s 153 Epoch  46/100 | Loss:  1.2984 | Val RMSE: 1.1367 ✓ | MAE: 0.9133 | R2: 0.3817 | LR: 0.006362 | 1.3s
194.8s 154 🎯 New best! RMSE: 1.1367 (Δ: +0.3089)
196.1s 155 Epoch  47/100 | Loss:  1.2950 | Val RMSE: 1.1354 ✓ | MAE: 0.9119 | R2: 0.3831 | LR: 0.006298 | 1.3s
196.1s 156 🎯 New best! RMSE: 1.1354 (Δ: +0.3102)
197.6s 157 Epoch  48/100 | Loss:  1.2922 | Val RMSE: 1.1342 ✓ | MAE: 0.9102 | R2: 0.3844 | LR: 0.006235 | 1.4s
197.6s 158 🎯 New best! RMSE: 1.1342 (Δ: +0.3114)
198.9s 159 Epoch  49/100 | Loss:  1.2886 | Val RMSE: 1.1330 ✓ | MAE: 0.9088 | R2: 0.3858 | LR: 0.006173 | 1.3s
198.9s 160 🎯 New best! RMSE: 1.1330 (Δ: +0.3126)
200.3s 161 Epoch  50/100 | Loss:  1.2867 | Val RMSE: 1.1318 ✓ | MAE: 0.9071 | R2: 0.3870 | LR: 0.006111 | 1.3s
200.3s 162 🎯 New best! RMSE: 1.1318 (Δ: +0.3138)
201.7s 163 Epoch  51/100 | Loss:  1.2834 | Val RMSE: 1.1307 ✓ | MAE: 0.9054 | R2: 0.3882 | LR: 0.006050 | 1.4s
201.7s 164 🎯 New best! RMSE: 1.1307 (Δ: +0.3149)
203.1s 165 Epoch  52/100 | Loss:  1.2813 | Val RMSE: 1.1296 ✓ | MAE: 0.9043 | R2: 0.3894 | LR: 0.005990 | 1.3s
203.1s 166 🎯 New best! RMSE: 1.1296 (Δ: +0.3160)
204.5s 167 Epoch  53/100 | Loss:  1.2776 | Val RMSE: 1.1285 ✓ | MAE: 0.9031 | R2: 0.3905 | LR: 0.005930 | 1.3s
204.5s 168 🎯 New best! RMSE: 1.1285 (Δ: +0.3170)
205.9s 169 Epoch  54/100 | Loss:  1.2758 | Val RMSE: 1.1275 ✓ | MAE: 0.9017 | R2: 0.3916 | LR: 0.005870 | 1.3s
205.9s 170 🎯 New best! RMSE: 1.1275 (Δ: +0.3180)
207.3s 171 Epoch  55/100 | Loss:  1.2741 | Val RMSE: 1.1266 ✓ | MAE: 0.9004 | R2: 0.3926 | LR: 0.005812 | 1.3s
207.3s 172 🎯 New best! RMSE: 1.1266 (Δ: +0.3190)
208.7s 173 Epoch  56/100 | Loss:  1.2716 | Val RMSE: 1.1256 ✓ | MAE: 0.8988 | R2: 0.3937 | LR: 0.005754 | 1.3s
208.7s 174 🎯 New best! RMSE: 1.1256 (Δ: +0.3200)
210.1s 175 Epoch  57/100 | Loss:  1.2688 | Val RMSE: 1.1247 ✓ | MAE: 0.8976 | R2: 0.3946 | LR: 0.005696 | 1.3s
210.1s 176 🎯 New best! RMSE: 1.1247 (Δ: +0.3209)
211.5s 177 Epoch  58/100 | Loss:  1.2668 | Val RMSE: 1.1239 ✓ | MAE: 0.8965 | R2: 0.3956 | LR: 0.005639 | 1.3s
211.5s 178 🎯 New best! RMSE: 1.1239 (Δ: +0.3217)
212.8s 179 Epoch  59/100 | Loss:  1.2645 | Val RMSE: 1.1230 ✓ | MAE: 0.8954 | R2: 0.3965 | LR: 0.005583 | 1.3s
212.8s 180 🎯 New best! RMSE: 1.1230 (Δ: +0.3226)
214.2s 181 Epoch  60/100 | Loss:  1.2632 | Val RMSE: 1.1222 ✓ | MAE: 0.8945 | R2: 0.3974 | LR: 0.005527 | 1.3s
214.2s 182 🎯 New best! RMSE: 1.1222 (Δ: +0.3234)
215.6s 183 Epoch  61/100 | Loss:  1.2611 | Val RMSE: 1.1214 ✓ | MAE: 0.8935 | R2: 0.3982 | LR: 0.005472 | 1.3s
215.6s 184 🎯 New best! RMSE: 1.1214 (Δ: +0.3242)
217.0s 185 Epoch  62/100 | Loss:  1.2589 | Val RMSE: 1.1206 ✓ | MAE: 0.8925 | R2: 0.3990 | LR: 0.005417 | 1.3s
217.0s 186 🎯 New best! RMSE: 1.1206 (Δ: +0.3250)
218.4s 187 Epoch  63/100 | Loss:  1.2573 | Val RMSE: 1.1199 ✓ | MAE: 0.8911 | R2: 0.3998 | LR: 0.005363 | 1.3s
218.4s 188 🎯 New best! RMSE: 1.1199 (Δ: +0.3257)
219.8s 189 Epoch  64/100 | Loss:  1.2556 | Val RMSE: 1.1192 ✓ | MAE: 0.8904 | R2: 0.4006 | LR: 0.005309 | 1.3s
219.8s 190 🎯 New best! RMSE: 1.1192 (Δ: +0.3264)
221.2s 191 Epoch  65/100 | Loss:  1.2542 | Val RMSE: 1.1185 ✓ | MAE: 0.8895 | R2: 0.4014 | LR: 0.005256 | 1.3s
221.2s 192 🎯 New best! RMSE: 1.1185 (Δ: +0.3271)
222.6s 193 Epoch  66/100 | Loss:  1.2522 | Val RMSE: 1.1178 ✓ | MAE: 0.8884 | R2: 0.4021 | LR: 0.005203 | 1.3s
222.6s 194 🎯 New best! RMSE: 1.1178 (Δ: +0.3278)
223.9s 195 Epoch  67/100 | Loss:  1.2508 | Val RMSE: 1.1171 ✓ | MAE: 0.8875 | R2: 0.4028 | LR: 0.005151 | 1.3s
223.9s 196 🎯 New best! RMSE: 1.1171 (Δ: +0.3285)
225.3s 197 Epoch  68/100 | Loss:  1.2486 | Val RMSE: 1.1165 ✓ | MAE: 0.8867 | R2: 0.4035 | LR: 0.005100 | 1.3s
225.3s 198 🎯 New best! RMSE: 1.1165 (Δ: +0.3291)
226.7s 199 Epoch  69/100 | Loss:  1.2478 | Val RMSE: 1.1159 ✓ | MAE: 0.8860 | R2: 0.4041 | LR: 0.005049 | 1.3s
226.7s 200 🎯 New best! RMSE: 1.1159 (Δ: +0.3297)
228.1s 201 Epoch  70/100 | Loss:  1.2464 | Val RMSE: 1.1153 ✓ | MAE: 0.8851 | R2: 0.4048 | LR: 0.004998 | 1.3s
228.1s 202 🎯 New best! RMSE: 1.1153 (Δ: +0.3303)
229.5s 203 Epoch  71/100 | Loss:  1.2450 | Val RMSE: 1.1147 ✓ | MAE: 0.8844 | R2: 0.4054 | LR: 0.004948 | 1.3s
229.5s 204 🎯 New best! RMSE: 1.1147 (Δ: +0.3309)
230.9s 205 Epoch  72/100 | Loss:  1.2431 | Val RMSE: 1.1142 ✓ | MAE: 0.8835 | R2: 0.4060 | LR: 0.004899 | 1.3s
230.9s 206 🎯 New best! RMSE: 1.1142 (Δ: +0.3314)
232.3s 207 Epoch  73/100 | Loss:  1.2418 | Val RMSE: 1.1136 ✓ | MAE: 0.8829 | R2: 0.4065 | LR: 0.004850 | 1.4s
232.3s 208 🎯 New best! RMSE: 1.1136 (Δ: +0.3320)
233.7s 209 Epoch  74/100 | Loss:  1.2411 | Val RMSE: 1.1131 ✓ | MAE: 0.8821 | R2: 0.4071 | LR: 0.004801 | 1.3s
233.7s 210 🎯 New best! RMSE: 1.1131 (Δ: +0.3325)
235.1s 211 Epoch  75/100 | Loss:  1.2395 | Val RMSE: 1.1126 ✓ | MAE: 0.8814 | R2: 0.4077 | LR: 0.004753 | 1.3s
235.1s 212 🎯 New best! RMSE: 1.1126 (Δ: +0.3330)
236.4s 213 Epoch  76/100 | Loss:  1.2392 | Val RMSE: 1.1121 ✓ | MAE: 0.8807 | R2: 0.4082 | LR: 0.004706 | 1.3s
236.4s 214 🎯 New best! RMSE: 1.1121 (Δ: +0.3335)
237.8s 215 Epoch  77/100 | Loss:  1.2374 | Val RMSE: 1.1116 ✓ | MAE: 0.8800 | R2: 0.4087 | LR: 0.004659 | 1.3s
237.8s 216 🎯 New best! RMSE: 1.1116 (Δ: +0.3340)
239.2s 217 Epoch  78/100 | Loss:  1.2358 | Val RMSE: 1.1111 ✓ | MAE: 0.8795 | R2: 0.4092 | LR: 0.004612 | 1.3s
239.2s 218 🎯 New best! RMSE: 1.1111 (Δ: +0.3345)
240.6s 219 Epoch  79/100 | Loss:  1.2357 | Val RMSE: 1.1107 ✓ | MAE: 0.8786 | R2: 0.4097 | LR: 0.004566 | 1.3s
240.6s 220 🎯 New best! RMSE: 1.1107 (Δ: +0.3349)
242.0s 221 Epoch  80/100 | Loss:  1.2338 | Val RMSE: 1.1102 ✓ | MAE: 0.8784 | R2: 0.4102 | LR: 0.004520 | 1.4s
242.0s 222 🎯 New best! RMSE: 1.1102 (Δ: +0.3354)
243.4s 223 Epoch  81/100 | Loss:  1.2335 | Val RMSE: 1.1098 ✓ | MAE: 0.8777 | R2: 0.4106 | LR: 0.004475 | 1.3s
243.4s 224 🎯 New best! RMSE: 1.1098 (Δ: +0.3358)
244.8s 225 Epoch  82/100 | Loss:  1.2319 | Val RMSE: 1.1094 ✓ | MAE: 0.8769 | R2: 0.4111 | LR: 0.004430 | 1.3s
244.8s 226 🎯 New best! RMSE: 1.1094 (Δ: +0.3362)
246.2s 227 Epoch  83/100 | Loss:  1.2311 | Val RMSE: 1.1090 ✓ | MAE: 0.8764 | R2: 0.4115 | LR: 0.004386 | 1.3s
246.2s 228 🎯 New best! RMSE: 1.1090 (Δ: +0.3366)
247.5s 229 Epoch  84/100 | Loss:  1.2298 | Val RMSE: 1.1086 ✓ | MAE: 0.8759 | R2: 0.4119 | LR: 0.004342 | 1.3s
247.5s 230 🎯 New best! RMSE: 1.1086 (Δ: +0.3370)
248.9s 231 Epoch  85/100 | Loss:  1.2293 | Val RMSE: 1.1082 ✓ | MAE: 0.8754 | R2: 0.4123 | LR: 0.004299 | 1.3s
248.9s 232 🎯 New best! RMSE: 1.1082 (Δ: +0.3374)
250.3s 233 Epoch  86/100 | Loss:  1.2283 | Val RMSE: 1.1078 ✓ | MAE: 0.8750 | R2: 0.4127 | LR: 0.004256 | 1.3s
250.3s 234 🎯 New best! RMSE: 1.1078 (Δ: +0.3378)
251.7s 235 Epoch  87/100 | Loss:  1.2281 | Val RMSE: 1.1074 ✓ | MAE: 0.8744 | R2: 0.4131 | LR: 0.004213 | 1.3s
251.7s 236 🎯 New best! RMSE: 1.1074 (Δ: +0.3382)
253.1s 237 Epoch  88/100 | Loss:  1.2270 | Val RMSE: 1.1071 ✓ | MAE: 0.8739 | R2: 0.4135 | LR: 0.004171 | 1.3s
253.1s 238 🎯 New best! RMSE: 1.1071 (Δ: +0.3385)
254.5s 239 Epoch  89/100 | Loss:  1.2256 | Val RMSE: 1.1067 ✓ | MAE: 0.8735 | R2: 0.4139 | LR: 0.004129 | 1.3s
254.5s 240 🎯 New best! RMSE: 1.1067 (Δ: +0.3389)
255.8s 241 Epoch  90/100 | Loss:  1.2246 | Val RMSE: 1.1064 ✓ | MAE: 0.8729 | R2: 0.4142 | LR: 0.004088 | 1.3s
255.8s 242 🎯 New best! RMSE: 1.1064 (Δ: +0.3392)
257.2s 243 Epoch  91/100 | Loss:  1.2234 | Val RMSE: 1.1061 ✓ | MAE: 0.8725 | R2: 0.4146 | LR: 0.004047 | 1.3s
257.2s 244 🎯 New best! RMSE: 1.1061 (Δ: +0.3395)
258.6s 245 Epoch  92/100 | Loss:  1.2233 | Val RMSE: 1.1057 ✓ | MAE: 0.8721 | R2: 0.4149 | LR: 0.004007 | 1.3s
258.6s 246 🎯 New best! RMSE: 1.1057 (Δ: +0.3398)
260.0s 247 Epoch  93/100 | Loss:  1.2231 | Val RMSE: 1.1054 ✓ | MAE: 0.8718 | R2: 0.4152 | LR: 0.003967 | 1.3s
260.0s 248 🎯 New best! RMSE: 1.1054 (Δ: +0.3402)
261.4s 249 Epoch  94/100 | Loss:  1.2218 | Val RMSE: 1.1051 ✓ | MAE: 0.8714 | R2: 0.4156 | LR: 0.003927 | 1.3s
261.4s 250 🎯 New best! RMSE: 1.1051 (Δ: +0.3405)
262.8s 251 Epoch  95/100 | Loss:  1.2209 | Val RMSE: 1.1048 ✓ | MAE: 0.8710 | R2: 0.4159 | LR: 0.003888 | 1.3s
262.8s 252 🎯 New best! RMSE: 1.1048 (Δ: +0.3408)
264.2s 253 Epoch  96/100 | Loss:  1.2204 | Val RMSE: 1.1045 ✓ | MAE: 0.8704 | R2: 0.4162 | LR: 0.003849 | 1.3s
264.2s 254 🎯 New best! RMSE: 1.1045 (Δ: +0.3411)
265.6s 255 Epoch  97/100 | Loss:  1.2200 | Val RMSE: 1.1043 ✓ | MAE: 0.8701 | R2: 0.4165 | LR: 0.003810 | 1.3s
265.6s 256 🎯 New best! RMSE: 1.1043 (Δ: +0.3413)
267.0s 257 Epoch  98/100 | Loss:  1.2191 | Val RMSE: 1.1040 ✓ | MAE: 0.8698 | R2: 0.4168 | LR: 0.003772 | 1.3s
267.0s 258 🎯 New best! RMSE: 1.1040 (Δ: +0.3416)
268.4s 259 Epoch  99/100 | Loss:  1.2184 | Val RMSE: 1.1037 ✓ | MAE: 0.8694 | R2: 0.4171 | LR: 0.003735 | 1.4s
268.4s 260 🎯 New best! RMSE: 1.1037 (Δ: +0.3419)
269.8s 261 Epoch 100/100 | Loss:  1.2173 | Val RMSE: 1.1034 ✓ | MAE: 0.8690 | R2: 0.4173 | LR: 0.003697 | 1.3s
269.8s 262 🎯 New best! RMSE: 1.1034 (Δ: +0.3421)
269.8s 263 
269.8s 264 ======================================================================
269.8s 265 FINAL EVALUATION
269.8s 266 ======================================================================
270.1s 267 
270.1s 268 📊 Baseline RMSE: 1.4456
270.1s 269 
270.1s 270 📈 Training Set:
270.1s 271 MSE: 1.1972 | RMSE: 1.0942 | MAE: 0.8616 | R2: 0.4223
270.1s 272 
270.1s 273 📈 Validation Set:
270.1s 274 MSE: 1.2176 | RMSE: 1.1034 | MAE: 0.8690 | R2: 0.4173
270.1s 275 
270.1s 276 ✓ Improvement: +0.3421
270.1s 277 📉 Overfitting gap: -0.0093
270.1s 278 ✓ Good generalization!
270.1s 279 
270.1s 280 ✓ Training completed!
270.2s 281 ✓ Model saved to /kaggle/working/models/fm_chi2_expdecay.npz
270.2s 282 ✓ Training history saved
274.9s 283 /usr/local/lib/python3.12/dist-packages/mistune.py:435: SyntaxWarning: invalid escape sequence '\|'
274.9s 284 cells[i][c] = re.sub('\\\\\|', '|', cell)
275.0s 285 /usr/local/lib/python3.12/dist-packages/nbconvert/filters/filter_links.py:36: SyntaxWarning: invalid escape sequence '\_'
275.0s 286 text = re.sub(r'_', '\_', text) # Escape underscores in display text
275.6s 287 [NbConvertApp] Converting notebook __notebook__.ipynb to notebook
275.9s 288 [NbConvertApp] Writing 51120 bytes to __notebook__.ipynb
278.2s 289 [NbConvertApp] Converting notebook __notebook__.ipynb to html
279.1s 290 [NbConvertApp] Writing 416837 bytes to __results__.html