6.2s 1 0.00s - Debugger warning: It seems that frozen modules are being used, which may
6.2s 2 0.00s - make the debugger miss breakpoints. Please pass -Xfrozen_modules=off
6.2s 3 0.00s - to python to disable frozen modules.
6.2s 4 0.00s - Note: Debugging will proceed. Set PYDEVD_DISABLE_FILE_VALIDATION=1 to disable this validation.
6.8s 5 0.00s - Debugger warning: It seems that frozen modules are being used, which may
6.8s 6 0.00s - make the debugger miss breakpoints. Please pass -Xfrozen_modules=off
6.8s 7 0.00s - to python to disable frozen modules.
6.8s 8 0.00s - Note: Debugging will proceed. Set PYDEVD_DISABLE_FILE_VALIDATION=1 to disable this validation.
11.9s 9 NUM_DIM = 33
11.9s 10 Loading contexts...
15.0s 11 ✓ Built city map: top 50 cities (+ Other=0)
126.1s 12 Using device: cuda
126.1s 13 NUM_DIM = 33
126.1s 14 Loading data into memory...
557.4s 15 Train:5,592,224 | Val:699,028 | Test:699,028
557.4s 16 Users:1,987,929 | Businesses:150,346
561.9s 17 Parameters: 276,099,799
857.3s 18 Epoch   1/120 | Loss:1.0938 | LR:0.002000
857.3s 19 Val -> MSE:1.0616 | RMSE:1.0303 | MAE:0.7736 | R2:0.5151
857.3s 20 >> New best RMSE: 1.0303
1147.2s 21 Epoch   2/120 | Loss:1.0792 | LR:0.002000
1147.2s 22 Val -> MSE:1.0583 | RMSE:1.0288 | MAE:0.7687 | R2:0.5166
1147.2s 23 >> New best RMSE: 1.0288
1437.2s 24 Epoch   3/120 | Loss:1.0779 | LR:0.002000
1437.2s 25 Val -> MSE:1.0575 | RMSE:1.0284 | MAE:0.7693 | R2:0.5170
1437.2s 26 >> New best RMSE: 1.0284
1726.9s 27 Epoch   4/120 | Loss:1.0770 | LR:0.002000
1726.9s 28 Val -> MSE:1.0583 | RMSE:1.0287 | MAE:0.7714 | R2:0.5166
1726.9s 29 >> No improve 1/30
2016.9s 30 Epoch   5/120 | Loss:1.0761 | LR:0.002000
2016.9s 31 Val -> MSE:1.0576 | RMSE:1.0284 | MAE:0.7717 | R2:0.5170
2016.9s 32 >> No improve 2/30
2306.4s 33 Epoch   6/120 | Loss:1.0752 | LR:0.002000
2306.4s 34 Val -> MSE:1.0565 | RMSE:1.0279 | MAE:0.7687 | R2:0.5175
2306.4s 35 >> New best RMSE: 1.0279
2596.2s 36 Epoch   7/120 | Loss:1.0744 | LR:0.002000
2596.2s 37 Val -> MSE:1.0580 | RMSE:1.0286 | MAE:0.7717 | R2:0.5168
2596.2s 38 >> No improve 1/30
2886.1s 39 Epoch   8/120 | Loss:1.0736 | LR:0.002000
2886.1s 40 Val -> MSE:1.0583 | RMSE:1.0287 | MAE:0.7721 | R2:0.5166
2886.1s 41 >> No improve 2/30
3176.1s 42 Epoch   9/120 | Loss:1.0731 | LR:0.002000
3176.1s 43 Val -> MSE:1.0571 | RMSE:1.0282 | MAE:0.7700 | R2:0.5172
3176.1s 44 >> No improve 3/30
3465.8s 45 Epoch  10/120 | Loss:1.0723 | LR:0.002000
3465.8s 46 Val -> MSE:1.0559 | RMSE:1.0276 | MAE:0.7700 | R2:0.5177
3465.8s 47 >> New best RMSE: 1.0276
3755.3s 48 Epoch  11/120 | Loss:1.0717 | LR:0.002000
3755.3s 49 Val -> MSE:1.0555 | RMSE:1.0274 | MAE:0.7680 | R2:0.5179
3755.3s 50 >> New best RMSE: 1.0274
4045.2s 51 Epoch  12/120 | Loss:1.0710 | LR:0.002000
4045.2s 52 Val -> MSE:1.0541 | RMSE:1.0267 | MAE:0.7688 | R2:0.5186
4045.2s 53 >> New best RMSE: 1.0267
4334.8s 54 Epoch  13/120 | Loss:1.0703 | LR:0.002000
4334.8s 55 Val -> MSE:1.0556 | RMSE:1.0274 | MAE:0.7700 | R2:0.5179
4334.8s 56 >> No improve 1/30
4624.1s 57 Epoch  14/120 | Loss:1.0695 | LR:0.002000
4624.1s 58 Val -> MSE:1.0553 | RMSE:1.0273 | MAE:0.7685 | R2:0.5180
4624.1s 59 >> No improve 2/30
4913.4s 60 Epoch  15/120 | Loss:1.0689 | LR:0.002000
4913.4s 61 Val -> MSE:1.0555 | RMSE:1.0274 | MAE:0.7691 | R2:0.5179
4913.4s 62 >> No improve 3/30
5203.1s 63 Epoch  16/120 | Loss:1.0682 | LR:0.002000
5203.1s 64 Val -> MSE:1.0532 | RMSE:1.0263 | MAE:0.7679 | R2:0.5190
5203.1s 65 >> New best RMSE: 1.0263
5504.5s 66 Epoch  17/120 | Loss:1.0674 | LR:0.002000
5504.5s 67 Val -> MSE:1.0537 | RMSE:1.0265 | MAE:0.7676 | R2:0.5187
5504.5s 68 >> No improve 1/30
5794.2s 69 Epoch  18/120 | Loss:1.0668 | LR:0.002000
5794.2s 70 Val -> MSE:1.0533 | RMSE:1.0263 | MAE:0.7681 | R2:0.5189
5794.2s 71 >> No improve 2/30
6084.0s 72 Epoch  19/120 | Loss:1.0660 | LR:0.002000
6084.0s 73 Val -> MSE:1.0498 | RMSE:1.0246 | MAE:0.7659 | R2:0.5205
6084.0s 74 >> New best RMSE: 1.0246
6373.7s 75 Epoch  20/120 | Loss:1.0651 | LR:0.002000
6373.7s 76 Val -> MSE:1.0495 | RMSE:1.0245 | MAE:0.7640 | R2:0.5206
6373.7s 77 >> New best RMSE: 1.0245
6663.4s 78 Epoch  21/120 | Loss:1.0642 | LR:0.002000
6663.4s 79 Val -> MSE:1.0515 | RMSE:1.0254 | MAE:0.7652 | R2:0.5197
6663.4s 80 >> No improve 1/30
6953.3s 81 Epoch  22/120 | Loss:1.0632 | LR:0.002000
6953.3s 82 Val -> MSE:1.0514 | RMSE:1.0254 | MAE:0.7666 | R2:0.5198
6953.3s 83 >> No improve 2/30
7243.2s 84 Epoch  23/120 | Loss:1.0623 | LR:0.002000
7243.2s 85 Val -> MSE:1.0509 | RMSE:1.0251 | MAE:0.7673 | R2:0.5200
7243.2s 86 >> No improve 3/30
7533.0s 87 Epoch  24/120 | Loss:1.0610 | LR:0.002000
7533.0s 88 Val -> MSE:1.0473 | RMSE:1.0234 | MAE:0.7631 | R2:0.5216
7533.0s 89 >> New best RMSE: 1.0234
7822.7s 90 Epoch  25/120 | Loss:1.0601 | LR:0.002000
7822.7s 91 Val -> MSE:1.0489 | RMSE:1.0241 | MAE:0.7653 | R2:0.5209
7822.7s 92 >> No improve 1/30
8112.3s 93 Epoch  26/120 | Loss:1.0589 | LR:0.002000
8112.3s 94 Val -> MSE:1.0500 | RMSE:1.0247 | MAE:0.7653 | R2:0.5204
8112.3s 95 >> No improve 2/30
8401.8s 96 Epoch  27/120 | Loss:1.0576 | LR:0.002000
8401.8s 97 Val -> MSE:1.0496 | RMSE:1.0245 | MAE:0.7660 | R2:0.5206
8401.8s 98 >> No improve 3/30
8691.1s 99 Epoch  28/120 | Loss:1.0561 | LR:0.002000
8691.1s 100 Val -> MSE:1.0490 | RMSE:1.0242 | MAE:0.7638 | R2:0.5209
8691.1s 101 >> No improve 4/30
8980.8s 102 Epoch  29/120 | Loss:1.0546 | LR:0.002000
8980.8s 103 Val -> MSE:1.0509 | RMSE:1.0251 | MAE:0.7682 | R2:0.5200
8980.8s 104 >> No improve 5/30
9270.1s 105 Epoch  30/120 | Loss:1.0530 | LR:0.002000
9270.1s 106 Val -> MSE:1.0456 | RMSE:1.0225 | MAE:0.7624 | R2:0.5224
9270.1s 107 >> New best RMSE: 1.0225
9560.0s 108 Epoch  31/120 | Loss:1.0512 | LR:0.002000
9560.0s 109 Val -> MSE:1.0468 | RMSE:1.0231 | MAE:0.7661 | R2:0.5219
9560.0s 110 >> No improve 1/30
9849.6s 111 Epoch  32/120 | Loss:1.0494 | LR:0.002000
9849.6s 112 Val -> MSE:1.0480 | RMSE:1.0237 | MAE:0.7665 | R2:0.5213
9849.6s 113 >> No improve 2/30
10139.6s 114 Epoch  33/120 | Loss:1.0477 | LR:0.002000
10139.6s 115 Val -> MSE:1.0459 | RMSE:1.0227 | MAE:0.7594 | R2:0.5223
10139.6s 116 >> No improve 3/30
10429.3s 117 Epoch  34/120 | Loss:1.0456 | LR:0.002000
10429.3s 118 Val -> MSE:1.0427 | RMSE:1.0211 | MAE:0.7599 | R2:0.5238
10429.3s 119 >> New best RMSE: 1.0211
10730.3s 120 Epoch  35/120 | Loss:1.0437 | LR:0.002000
10730.3s 121 Val -> MSE:1.0426 | RMSE:1.0211 | MAE:0.7617 | R2:0.5238
10730.3s 122 >> New best RMSE: 1.0211
11019.8s 123 Epoch  36/120 | Loss:1.0418 | LR:0.002000
11019.8s 124 Val -> MSE:1.0440 | RMSE:1.0218 | MAE:0.7643 | R2:0.5232
11019.8s 125 >> No improve 1/30
11309.5s 126 Epoch  37/120 | Loss:1.0395 | LR:0.002000
11309.5s 127 Val -> MSE:1.0408 | RMSE:1.0202 | MAE:0.7591 | R2:0.5246
11309.5s 128 >> New best RMSE: 1.0202
11599.1s 129 Epoch  38/120 | Loss:1.0374 | LR:0.002000
11599.1s 130 Val -> MSE:1.0429 | RMSE:1.0212 | MAE:0.7595 | R2:0.5237
11599.1s 131 >> No improve 1/30
11888.8s 132 Epoch  39/120 | Loss:1.0353 | LR:0.002000
11888.8s 133 Val -> MSE:1.0458 | RMSE:1.0227 | MAE:0.7646 | R2:0.5223
11888.8s 134 >> No improve 2/30
12178.4s 135 Epoch  40/120 | Loss:1.0332 | LR:0.002000
12178.4s 136 Val -> MSE:1.0419 | RMSE:1.0207 | MAE:0.7566 | R2:0.5241
12178.4s 137 >> No improve 3/30
12468.0s 138 Epoch  41/120 | Loss:1.0309 | LR:0.002000
12468.0s 139 Val -> MSE:1.0420 | RMSE:1.0208 | MAE:0.7607 | R2:0.5241
12468.0s 140 >> No improve 4/30
12757.5s 141 Epoch  42/120 | Loss:1.0287 | LR:0.002000
12757.5s 142 Val -> MSE:1.0477 | RMSE:1.0236 | MAE:0.7647 | R2:0.5215
12757.5s 143 >> No improve 5/30
13047.3s 144 Epoch  43/120 | Loss:1.0267 | LR:0.002000
13047.3s 145 Val -> MSE:1.0410 | RMSE:1.0203 | MAE:0.7599 | R2:0.5245
13047.3s 146 >> No improve 6/30
13336.9s 147 Epoch  44/120 | Loss:1.0244 | LR:0.002000
13336.9s 148 Val -> MSE:1.0410 | RMSE:1.0203 | MAE:0.7585 | R2:0.5245
13336.9s 149 >> No improve 7/30
13626.7s 150 Epoch  45/120 | Loss:1.0221 | LR:0.002000
13626.7s 151 Val -> MSE:1.0422 | RMSE:1.0209 | MAE:0.7587 | R2:0.5240
13626.7s 152 >> No improve 8/30
13916.4s 153 Epoch  46/120 | Loss:1.0200 | LR:0.002000
13916.4s 154 Val -> MSE:1.0393 | RMSE:1.0195 | MAE:0.7568 | R2:0.5253
13916.4s 155 >> New best RMSE: 1.0195
14206.3s 156 Epoch  47/120 | Loss:1.0177 | LR:0.002000
14206.3s 157 Val -> MSE:1.0390 | RMSE:1.0193 | MAE:0.7563 | R2:0.5255
14206.3s 158 >> New best RMSE: 1.0193
14496.2s 159 Epoch  48/120 | Loss:1.0155 | LR:0.002000
14496.2s 160 Val -> MSE:1.0364 | RMSE:1.0181 | MAE:0.7559 | R2:0.5266
14496.2s 161 >> New best RMSE: 1.0181
14786.1s 162 Epoch  49/120 | Loss:1.0131 | LR:0.002000
14786.1s 163 Val -> MSE:1.0408 | RMSE:1.0202 | MAE:0.7611 | R2:0.5246
14786.1s 164 >> No improve 1/30
15076.4s 165 Epoch  50/120 | Loss:1.0111 | LR:0.002000
15076.4s 166 Val -> MSE:1.0406 | RMSE:1.0201 | MAE:0.7596 | R2:0.5247
15076.4s 167 >> No improve 2/30
15366.5s 168 Epoch  51/120 | Loss:1.0087 | LR:0.002000
15366.5s 169 Val -> MSE:1.0439 | RMSE:1.0217 | MAE:0.7642 | R2:0.5232
15366.5s 170 >> No improve 3/30
15667.7s 171 Epoch  52/120 | Loss:1.0065 | LR:0.002000
15667.7s 172 Val -> MSE:1.0442 | RMSE:1.0219 | MAE:0.7643 | R2:0.5231
15667.7s 173 >> No improve 4/30
15957.5s 174 Epoch  53/120 | Loss:1.0042 | LR:0.002000
15957.5s 175 Val -> MSE:1.0375 | RMSE:1.0186 | MAE:0.7531 | R2:0.5261
15957.5s 176 >> No improve 5/30
16247.3s 177 Epoch  54/120 | Loss:1.0020 | LR:0.002000
16247.3s 178 Val -> MSE:1.0414 | RMSE:1.0205 | MAE:0.7547 | R2:0.5244
16247.3s 179 >> No improve 6/30
16537.4s 180 Epoch  55/120 | Loss:0.9999 | LR:0.002000
16537.4s 181 Val -> MSE:1.0403 | RMSE:1.0200 | MAE:0.7555 | R2:0.5248
16537.4s 182 >> No improve 7/30
16827.1s 183 Epoch  56/120 | Loss:0.9975 | LR:0.002000
16827.1s 184 Val -> MSE:1.0407 | RMSE:1.0202 | MAE:0.7582 | R2:0.5247
16827.1s 185 >> No improve 8/30
17116.8s 186 Epoch  57/120 | Loss:0.9957 | LR:0.002000
17116.8s 187 Val -> MSE:1.0433 | RMSE:1.0214 | MAE:0.7593 | R2:0.5235
17116.8s 188 >> No improve 9/30
17406.9s 189 Epoch  58/120 | Loss:0.9934 | LR:0.002000
17406.9s 190 Val -> MSE:1.0400 | RMSE:1.0198 | MAE:0.7603 | R2:0.5250
17406.9s 191 >> No improve 10/30
17696.7s 192 Epoch  59/120 | Loss:0.9914 | LR:0.002000
17696.7s 193 Val -> MSE:1.0392 | RMSE:1.0194 | MAE:0.7572 | R2:0.5254
17696.7s 194 >> No improve 11/30
17986.4s 195 Epoch  60/120 | Loss:0.9893 | LR:0.002000
17986.4s 196 Val -> MSE:1.0370 | RMSE:1.0183 | MAE:0.7554 | R2:0.5264
17986.4s 197 >> No improve 12/30
18276.1s 198 Epoch  61/120 | Loss:0.9870 | LR:0.002000
18276.1s 199 Val -> MSE:1.0414 | RMSE:1.0205 | MAE:0.7539 | R2:0.5244
18276.1s 200 >> No improve 13/30
18565.7s 201 Epoch  62/120 | Loss:0.9850 | LR:0.002000
18565.7s 202 Val -> MSE:1.0438 | RMSE:1.0217 | MAE:0.7607 | R2:0.5233
18565.7s 203 >> No improve 14/30
18855.3s 204 Epoch  63/120 | Loss:0.9827 | LR:0.002000
18855.3s 205 Val -> MSE:1.0467 | RMSE:1.0231 | MAE:0.7615 | R2:0.5219
18855.3s 206 >> No improve 15/30
19145.0s 207 Epoch  64/120 | Loss:0.9808 | LR:0.001400
19145.0s 208 Val -> MSE:1.0404 | RMSE:1.0200 | MAE:0.7573 | R2:0.5248
19145.0s 209 >> No improve 16/30
19434.6s 210 Epoch  65/120 | Loss:0.9763 | LR:0.001400
19434.6s 211 Val -> MSE:1.0401 | RMSE:1.0199 | MAE:0.7568 | R2:0.5249
19434.6s 212 >> No improve 17/30
19724.1s 213 Epoch  66/120 | Loss:0.9747 | LR:0.001400
19724.1s 214 Val -> MSE:1.0426 | RMSE:1.0211 | MAE:0.7603 | R2:0.5238
19724.1s 215 >> No improve 18/30
20013.6s 216 Epoch  67/120 | Loss:0.9729 | LR:0.001400
20013.6s 217 Val -> MSE:1.0400 | RMSE:1.0198 | MAE:0.7558 | R2:0.5250
20013.6s 218 >> No improve 19/30
20303.2s 219 Epoch  68/120 | Loss:0.9712 | LR:0.001400
20303.2s 220 Val -> MSE:1.0418 | RMSE:1.0207 | MAE:0.7573 | R2:0.5242
20303.2s 221 >> No improve 20/30
20592.6s 222 Epoch  69/120 | Loss:0.9698 | LR:0.001400
20592.6s 223 Val -> MSE:1.0395 | RMSE:1.0195 | MAE:0.7568 | R2:0.5252
20592.6s 224 >> No improve 21/30
20893.7s 225 Epoch  70/120 | Loss:0.9683 | LR:0.001400
20893.7s 226 Val -> MSE:1.0386 | RMSE:1.0191 | MAE:0.7543 | R2:0.5256
20893.7s 227 >> No improve 22/30
21183.4s 228 Epoch  71/120 | Loss:0.9667 | LR:0.001400
21183.4s 229 Val -> MSE:1.0380 | RMSE:1.0188 | MAE:0.7535 | R2:0.5259
21183.4s 230 >> No improve 23/30
21473.1s 231 Epoch  72/120 | Loss:0.9650 | LR:0.001400
21473.1s 232 Val -> MSE:1.0432 | RMSE:1.0214 | MAE:0.7585 | R2:0.5235
21473.1s 233 >> No improve 24/30
21762.6s 234 Epoch  73/120 | Loss:0.9636 | LR:0.001400
21762.6s 235 Val -> MSE:1.0390 | RMSE:1.0193 | MAE:0.7546 | R2:0.5255
21762.6s 236 >> No improve 25/30
22052.4s 237 Epoch  74/120 | Loss:0.9621 | LR:0.001400
22052.4s 238 Val -> MSE:1.0396 | RMSE:1.0196 | MAE:0.7560 | R2:0.5252
22052.4s 239 >> No improve 26/30
22342.2s 240 Epoch  75/120 | Loss:0.9606 | LR:0.001400
22342.2s 241 Val -> MSE:1.0393 | RMSE:1.0195 | MAE:0.7508 | R2:0.5253
22342.2s 242 >> No improve 27/30
22631.9s 243 Epoch  76/120 | Loss:0.9590 | LR:0.001400
22631.9s 244 Val -> MSE:1.0399 | RMSE:1.0198 | MAE:0.7544 | R2:0.5250
22631.9s 245 >> No improve 28/30
22921.5s 246 Epoch  77/120 | Loss:0.9577 | LR:0.001400
22921.5s 247 Val -> MSE:1.0391 | RMSE:1.0194 | MAE:0.7533 | R2:0.5254
22921.5s 248 >> No improve 29/30
23211.0s 249 Epoch  78/120 | Loss:0.9564 | LR:0.001400
23211.0s 250 Val -> MSE:1.0417 | RMSE:1.0206 | MAE:0.7558 | R2:0.5242
23211.0s 251 >> No improve 30/30
23211.0s 252 
23211.0s 253 Early stopping at epoch 78
23211.0s 254 
23211.0s 255 Loaded best model epoch 48 | RMSE:1.0181
23211.0s 256 
23211.0s 257 ==================================================
23211.0s 258 FINAL EVALUATION
23211.0s 259 ==================================================
23270.3s 260 
23270.3s 261 Train:
23270.3s 262 MSE:0.9831 | RMSE:0.9915 | MAE:0.7369 | R2:0.5503
23270.3s 263 
23270.3s 264 Validation:
23270.3s 265 MSE:1.0364 | RMSE:1.0181 | MAE:0.7559 | R2:0.5266
23270.3s 266 
23270.3s 267 Test:
23270.3s 268 MSE:1.0342 | RMSE:1.0170 | MAE:0.7557 | R2:0.5273
23270.3s 269 
23270.3s 270 ==================================================
23270.3s 271 PERMUTATION IMPORTANCE
23270.3s 272 ==================================================
23275.9s 273 
23275.9s 274 Baseline Val RMSE: 1.0181
23275.9s 275 Feature                    RMSE change  Đánh giá
23275.9s 276 -------------------------------------------------------
23293.4s 277 user_review_count         +0.0894       ✓ quan trọng
23310.8s 278 user_avg_stars            +0.3952       ✓ quan trọng
23328.3s 279 user_fans                 +0.0189       ✓ quan trọng
23345.8s 280 user_useful               +0.1179       ✓ quan trọng
23363.3s 281 user_funny                +0.0464       ✓ quan trọng
23380.7s 282 user_cool                 +0.0904       ✓ quan trọng
23398.2s 283 user_years_active         +0.0187       ✓ quan trọng
23415.7s 284 user_elite                +0.0183       ✓ quan trọng
23433.2s 285 user_friends              +0.0169       ✓ quan trọng
23450.6s 286 user_compliments          +0.0211       ✓ quan trọng
23468.1s 287 biz_stars                 +0.2167       ✓ quan trọng
23485.5s 288 biz_review_count          +0.0277       ✓ quan trọng
23503.0s 289 biz_is_open               +0.0175       ✓ quan trọng
23520.4s 290 biz_cat_count             +0.0168       ✓ quan trọng
23537.9s 291 biz_open_days             +0.0170       ✓ quan trọng
23555.4s 292 biz_price_range           +0.0176       ✓ quan trọng
23572.8s 293 biz_total_hours           +0.0168       ✓ quan trọng
23590.2s 294 biz_city                  +0.0162       ✓ quan trọng
23607.7s 295 utip_count                +0.0168       ✓ quan trọng
23625.1s 296 utip_avg_len              +0.0170       ✓ quan trọng
23642.5s 297 utip_avg_comp             +0.0163       ✓ quan trọng
23659.9s 298 btip_count                +0.0190       ✓ quan trọng
23677.3s 299 btip_avg_len              +0.0165       ✓ quan trọng
23694.8s 300 btip_avg_comp             +0.0162       ✓ quan trọng
23723.6s 301 checkin_count             +0.0325       ✓ quan trọng
23741.1s 302 review_useful             +0.0918       ✓ quan trọng
23758.5s 303 review_funny              +0.0575       ✓ quan trọng
23775.9s 304 review_cool               +0.1211       ✓ quan trọng
23793.3s 305 review_text_len           +0.0621       ✓ quan trọng
23810.8s 306 year                      +0.0305       ✓ quan trọng
23828.2s 307 month                     +0.0165       ✓ quan trọng
23845.7s 308 weekday                   +0.0165       ✓ quan trọng
23863.3s 309 hour                      +0.0162       ✓ quan trọng
23900.9s 310 Model saved to /kaggle/working/models/fm_pytorch.pt
23908.0s 311 /usr/local/lib/python3.12/dist-packages/mistune.py:435: SyntaxWarning: invalid escape sequence '\|'
23908.0s 312 cells[i][c] = re.sub('\\\\\|', '|', cell)
23908.2s 313 /usr/local/lib/python3.12/dist-packages/nbconvert/filters/filter_links.py:36: SyntaxWarning: invalid escape sequence '\_'
23908.2s 314 text = re.sub(r'_', '\_', text) # Escape underscores in display text
23908.9s 315 [NbConvertApp] Converting notebook __notebook__.ipynb to notebook
23909.2s 316 [NbConvertApp] Writing 48800 bytes to __notebook__.ipynb
23911.5s 317 [NbConvertApp] Converting notebook __notebook__.ipynb to html
23912.3s 318 [NbConvertApp] Writing 408289 bytes to __results__.html