11.9s 1 0.00s - Debugger warning: It seems that frozen modules are being used, which may
11.9s 2 0.00s - make the debugger miss breakpoints. Please pass -Xfrozen_modules=off
11.9s 3 0.00s - to python to disable frozen modules.
11.9s 4 0.00s - Note: Debugging will proceed. Set PYDEVD_DISABLE_FILE_VALIDATION=1 to disable this validation.
12.7s 5 0.00s - Debugger warning: It seems that frozen modules are being used, which may
12.7s 6 0.00s - make the debugger miss breakpoints. Please pass -Xfrozen_modules=off
12.7s 7 0.00s - to python to disable frozen modules.
12.7s 8 0.00s - Note: Debugging will proceed. Set PYDEVD_DISABLE_FILE_VALIDATION=1 to disable this validation.
16.7s 9 ======================================================================
16.7s 10 🚀 FM - KAGGLE VERSION (1M reviews)
16.7s 11 ======================================================================
16.7s 12 
16.7s 13 Loading user context from /kaggle/input/datasets/organizations/yelp-dataset/yelp-dataset/yelp_academic_dataset_user.json...
82.0s 14 ✓ Loaded 1987897 users
82.0s 15 Loading business context from /kaggle/input/datasets/organizations/yelp-dataset/yelp-dataset/yelp_academic_dataset_business.json...
85.1s 16 ✓ Loaded 150346 businesses
85.1s 17 Loading checkin context from /kaggle/input/datasets/organizations/yelp-dataset/yelp-dataset/yelp_academic_dataset_checkin.json...
90.7s 18 ✓ Loaded 131930 businesses with checkin data
90.7s 19 Loading tip context from /kaggle/input/datasets/organizations/yelp-dataset/yelp-dataset/yelp_academic_dataset_tip.json...
96.5s 20 ✓ Loaded tips for 301758 users and 106193 businesses
96.5s 21 
96.5s 22 Loading reviews from /kaggle/input/datasets/organizations/yelp-dataset/yelp-dataset/yelp_academic_dataset_review.json...
99.4s 23 Loaded 100,000 reviews...
102.3s 24 Loaded 200,000 reviews...
105.4s 25 Loaded 300,000 reviews...
108.3s 26 Loaded 400,000 reviews...
111.3s 27 Loaded 500,000 reviews...
114.2s 28 Loaded 600,000 reviews...
117.1s 29 Loaded 700,000 reviews...
120.0s 30 Loaded 800,000 reviews...
123.0s 31 Loaded 900,000 reviews...
125.8s 32 Loaded 1,000,000 reviews...
128.7s 33 Loaded 1,100,000 reviews...
131.7s 34 Loaded 1,200,000 reviews...
134.7s 35 Loaded 1,300,000 reviews...
137.8s 36 Loaded 1,400,000 reviews...
140.8s 37 Loaded 1,500,000 reviews...
143.7s 38 Loaded 1,600,000 reviews...
146.6s 39 Loaded 1,700,000 reviews...
149.5s 40 Loaded 1,800,000 reviews...
152.5s 41 Loaded 1,900,000 reviews...
155.4s 42 Loaded 2,000,000 reviews...
158.3s 43 Loaded 2,100,000 reviews...
161.2s 44 Loaded 2,200,000 reviews...
164.1s 45 Loaded 2,300,000 reviews...
167.1s 46 Loaded 2,400,000 reviews...
170.0s 47 Loaded 2,500,000 reviews...
172.9s 48 Loaded 2,600,000 reviews...
175.8s 49 Loaded 2,700,000 reviews...
178.8s 50 Loaded 2,800,000 reviews...
181.8s 51 Loaded 2,900,000 reviews...
184.8s 52 Loaded 3,000,000 reviews...
187.8s 53 Loaded 3,100,000 reviews...
190.8s 54 Loaded 3,200,000 reviews...
193.7s 55 Loaded 3,300,000 reviews...
196.7s 56 Loaded 3,400,000 reviews...
199.9s 57 Loaded 3,500,000 reviews...
203.0s 58 Loaded 3,600,000 reviews...
205.9s 59 Loaded 3,700,000 reviews...
208.9s 60 Loaded 3,800,000 reviews...
211.8s 61 Loaded 3,900,000 reviews...
214.8s 62 Loaded 4,000,000 reviews...
218.4s 63 Loaded 4,100,000 reviews...
221.8s 64 Loaded 4,200,000 reviews...
224.7s 65 Loaded 4,300,000 reviews...
227.7s 66 Loaded 4,400,000 reviews...
230.7s 67 Loaded 4,500,000 reviews...
233.6s 68 Loaded 4,600,000 reviews...
236.6s 69 Loaded 4,700,000 reviews...
240.0s 70 Loaded 4,800,000 reviews...
243.8s 71 Loaded 4,900,000 reviews...
247.0s 72 Loaded 5,000,000 reviews...
250.4s 73 Loaded 5,100,000 reviews...
253.7s 74 Loaded 5,200,000 reviews...
257.0s 75 Loaded 5,300,000 reviews...
260.4s 76 Loaded 5,400,000 reviews...
264.3s 77 Loaded 5,500,000 reviews...
268.2s 78 Loaded 5,600,000 reviews...
271.3s 79 Loaded 5,700,000 reviews...
274.4s 80 Loaded 5,800,000 reviews...
277.5s 81 Loaded 5,900,000 reviews...
280.5s 82 Loaded 6,000,000 reviews...
283.8s 83 Loaded 6,100,000 reviews...
287.0s 84 Loaded 6,200,000 reviews...
290.1s 85 Loaded 6,300,000 reviews...
293.2s 86 Loaded 6,400,000 reviews...
296.2s 87 Loaded 6,500,000 reviews...
299.3s 88 Loaded 6,600,000 reviews...
302.4s 89 Loaded 6,700,000 reviews...
305.5s 90 Loaded 6,800,000 reviews...
308.5s 91 Loaded 6,900,000 reviews...
314.5s 92 ✓ Total: 6,990,280 reviews loaded
314.5s 93 ✓ Unique users: 1,987,929
314.5s 94 ✓ Unique businesses: 150,346
314.5s 95 ✓ Numerical features per sample: 20
317.0s 96 
317.0s 97 ======================================================================
317.0s 98 🚀 TRAINING FACTORIZATION MACHINE (Kaggle Version)
317.0s 99 ======================================================================
317.2s 100 
317.2s 101 Dataset split:
317.2s 102 Train: 6,291,252 samples
317.2s 103 Val:   699,028   samples
317.2s 104 
317.2s 105 Moving data to GPU...
318.1s 106 ✓ Data on GPU
320.4s 107 
320.4s 108 📊 Baseline (predict mean=3.75): RMSE = 1.4794
320.4s 109 
320.4s 110 🔧 Initializing FM model on GPU:
320.4s 111 Users: 1,987,929, Businesses: 150,346
320.4s 112 Numerical features: 20
320.4s 113 Embedding dimension: 128
320.4s 114 Regularization: 0.001
320.4s 115 Dropout rate: 0.3
320.4s 116 Gradient clipping: 5.0
321.1s 117 ✓ Model initialized on GPU
321.1s 118 
321.1s 119 Training configuration:
321.1s 120 Epochs: 200 | Batch: 8192 | LR: 0.01
321.1s 121 Reg: 0.001 | Dropout: 0.3 | Patience: 15
321.1s 122 
321.1s 123 ----------------------------------------------------------------------
374.5s 124 Epoch   1/200 | Loss:  2.0799 | Val RMSE: 1.2568 ✓ | MAE: 1.0562 | R2:  0.2783 | LR: 0.010000 | 53.6s
375.1s 125 🎯 New best! RMSE: 1.2568 (Δ vs baseline: +0.2226)
425.0s 126 Epoch   2/200 | Loss:  1.5066 | Val RMSE: 1.1823 ✓ | MAE: 0.9817 | R2:  0.3613 | LR: 0.009900 | 50.1s
425.6s 127 🎯 New best! RMSE: 1.1823 (Δ vs baseline: +0.2971)
475.2s 128 Epoch   3/200 | Loss:  1.3734 | Val RMSE: 1.1446 ✓ | MAE: 0.9386 | R2:  0.4014 | LR: 0.009801 | 49.8s
475.8s 129 🎯 New best! RMSE: 1.1446 (Δ vs baseline: +0.3348)
525.4s 130 Epoch   4/200 | Loss:  1.3032 | Val RMSE: 1.1219 ✓ | MAE: 0.9104 | R2:  0.4248 | LR: 0.009703 | 49.9s
526.0s 131 🎯 New best! RMSE: 1.1219 (Δ vs baseline: +0.3574)
575.6s 132 Epoch   5/200 | Loss:  1.2603 | Val RMSE: 1.1069 ✓ | MAE: 0.8910 | R2:  0.4401 | LR: 0.009606 | 49.8s
576.2s 133 🎯 New best! RMSE: 1.1069 (Δ vs baseline: +0.3724)
625.8s 134 Epoch   6/200 | Loss:  1.2306 | Val RMSE: 1.0964 ✓ | MAE: 0.8769 | R2:  0.4507 | LR: 0.009510 | 49.8s
626.4s 135 🎯 New best! RMSE: 1.0964 (Δ vs baseline: +0.3830)
676.0s 136 Epoch   7/200 | Loss:  1.2097 | Val RMSE: 1.0887 ✓ | MAE: 0.8662 | R2:  0.4584 | LR: 0.009415 | 49.8s
676.6s 137 🎯 New best! RMSE: 1.0887 (Δ vs baseline: +0.3906)
726.2s 138 Epoch   8/200 | Loss:  1.1940 | Val RMSE: 1.0830 ✓ | MAE: 0.8584 | R2:  0.4641 | LR: 0.009321 | 49.8s
726.8s 139 🎯 New best! RMSE: 1.0830 (Δ vs baseline: +0.3964)
776.4s 140 Epoch   9/200 | Loss:  1.1821 | Val RMSE: 1.0787 ✓ | MAE: 0.8526 | R2:  0.4684 | LR: 0.009227 | 49.8s
777.0s 141 🎯 New best! RMSE: 1.0787 (Δ vs baseline: +0.4007)
826.6s 142 Epoch  10/200 | Loss:  1.1730 | Val RMSE: 1.0753 ✓ | MAE: 0.8482 | R2:  0.4717 | LR: 0.009135 | 49.8s
827.2s 143 🎯 New best! RMSE: 1.0753 (Δ vs baseline: +0.4041)
876.8s 144 Epoch  11/200 | Loss:  1.1658 | Val RMSE: 1.0726 ✓ | MAE: 0.8447 | R2:  0.4743 | LR: 0.009044 | 49.8s
877.4s 145 🎯 New best! RMSE: 1.0726 (Δ vs baseline: +0.4067)
927.0s 146 Epoch  12/200 | Loss:  1.1601 | Val RMSE: 1.0705 ✓ | MAE: 0.8415 | R2:  0.4763 | LR: 0.008953 | 49.8s
927.6s 147 🎯 New best! RMSE: 1.0705 (Δ vs baseline: +0.4088)
977.2s 148 Epoch  13/200 | Loss:  1.1553 | Val RMSE: 1.0688 ✓ | MAE: 0.8396 | R2:  0.4780 | LR: 0.008864 | 49.8s
977.8s 149 🎯 New best! RMSE: 1.0688 (Δ vs baseline: +0.4105)
1027.4s 150 Epoch  14/200 | Loss:  1.1515 | Val RMSE: 1.0675 ✓ | MAE: 0.8377 | R2:  0.4793 | LR: 0.008775 | 49.8s
1027.9s 151 🎯 New best! RMSE: 1.0675 (Δ vs baseline: +0.4119)
1077.5s 152 Epoch  15/200 | Loss:  1.1481 | Val RMSE: 1.0663 ✓ | MAE: 0.8359 | R2:  0.4804 | LR: 0.008687 | 49.8s
1078.1s 153 🎯 New best! RMSE: 1.0663 (Δ vs baseline: +0.4130)
1127.7s 154 Epoch  16/200 | Loss:  1.1456 | Val RMSE: 1.0654 ✓ | MAE: 0.8347 | R2:  0.4814 | LR: 0.008601 | 49.8s
1128.3s 155 🎯 New best! RMSE: 1.0654 (Δ vs baseline: +0.4140)
1177.9s 156 Epoch  17/200 | Loss:  1.1433 | Val RMSE: 1.0646 ✓ | MAE: 0.8340 | R2:  0.4821 | LR: 0.008515 | 49.8s
1178.4s 157 🎯 New best! RMSE: 1.0646 (Δ vs baseline: +0.4148)
1228.0s 158 Epoch  18/200 | Loss:  1.1414 | Val RMSE: 1.0639 ✓ | MAE: 0.8325 | R2:  0.4828 | LR: 0.008429 | 49.8s
1228.6s 159 🎯 New best! RMSE: 1.0639 (Δ vs baseline: +0.4154)
1278.2s 160 Epoch  19/200 | Loss:  1.1398 | Val RMSE: 1.0634 ✓ | MAE: 0.8326 | R2:  0.4833 | LR: 0.008345 | 49.8s
1278.8s 161 🎯 New best! RMSE: 1.0634 (Δ vs baseline: +0.4160)
1328.4s 162 Epoch  20/200 | Loss:  1.1381 | Val RMSE: 1.0629 ✓ | MAE: 0.8316 | R2:  0.4838 | LR: 0.008262 | 49.8s
1328.9s 163 🎯 New best! RMSE: 1.0629 (Δ vs baseline: +0.4165)
1378.5s 164 Epoch  21/200 | Loss:  1.1367 | Val RMSE: 1.0624 ✓ | MAE: 0.8309 | R2:  0.4842 | LR: 0.008179 | 49.8s
1379.1s 165 🎯 New best! RMSE: 1.0624 (Δ vs baseline: +0.4169)
1428.7s 166 Epoch  22/200 | Loss:  1.1355 | Val RMSE: 1.0620 ✓ | MAE: 0.8303 | R2:  0.4846 | LR: 0.008097 | 49.8s
1429.3s 167 🎯 New best! RMSE: 1.0620 (Δ vs baseline: +0.4173)
1478.9s 168 Epoch  23/200 | Loss:  1.1346 | Val RMSE: 1.0617 ✓ | MAE: 0.8297 | R2:  0.4849 | LR: 0.008016 | 49.8s
1479.4s 169 🎯 New best! RMSE: 1.0617 (Δ vs baseline: +0.4177)
1529.1s 170 Epoch  24/200 | Loss:  1.1335 | Val RMSE: 1.0614 ✓ | MAE: 0.8295 | R2:  0.4852 | LR: 0.007936 | 49.8s
1529.6s 171 🎯 New best! RMSE: 1.0614 (Δ vs baseline: +0.4180)
1579.2s 172 Epoch  25/200 | Loss:  1.1327 | Val RMSE: 1.0611 ✓ | MAE: 0.8291 | R2:  0.4855 | LR: 0.007857 | 49.8s
1579.8s 173 🎯 New best! RMSE: 1.0611 (Δ vs baseline: +0.4182)
1629.4s 174 Epoch  26/200 | Loss:  1.1317 | Val RMSE: 1.0609 ✓ | MAE: 0.8287 | R2:  0.4857 | LR: 0.007778 | 49.8s
1629.9s 175 🎯 New best! RMSE: 1.0609 (Δ vs baseline: +0.4185)
1679.6s 176 Epoch  27/200 | Loss:  1.1311 | Val RMSE: 1.0606 ✓ | MAE: 0.8285 | R2:  0.4860 | LR: 0.007700 | 49.8s
1680.1s 177 🎯 New best! RMSE: 1.0606 (Δ vs baseline: +0.4187)
1729.7s 178 Epoch  28/200 | Loss:  1.1304 | Val RMSE: 1.0604 ✓ | MAE: 0.8285 | R2:  0.4862 | LR: 0.007623 | 49.8s
1730.3s 179 🎯 New best! RMSE: 1.0604 (Δ vs baseline: +0.4189)
1779.9s 180 Epoch  29/200 | Loss:  1.1299 | Val RMSE: 1.0603 ✓ | MAE: 0.8284 | R2:  0.4864 | LR: 0.007547 | 49.8s
1780.4s 181 🎯 New best! RMSE: 1.0603 (Δ vs baseline: +0.4191)
1830.0s 182 Epoch  30/200 | Loss:  1.1291 | Val RMSE: 1.0601 ✓ | MAE: 0.8281 | R2:  0.4865 | LR: 0.007472 | 49.8s
1830.6s 183 🎯 New best! RMSE: 1.0601 (Δ vs baseline: +0.4193)
1880.2s 184 Epoch  31/200 | Loss:  1.1287 | Val RMSE: 1.0599 ✓ | MAE: 0.8279 | R2:  0.4867 | LR: 0.007397 | 49.8s
1880.8s 185 🎯 New best! RMSE: 1.0599 (Δ vs baseline: +0.4195)
1930.4s 186 Epoch  32/200 | Loss:  1.1281 | Val RMSE: 1.0598 ✓ | MAE: 0.8277 | R2:  0.4868 | LR: 0.007323 | 49.8s
1931.0s 187 🎯 New best! RMSE: 1.0598 (Δ vs baseline: +0.4196)
1980.6s 188 Epoch  33/200 | Loss:  1.1277 | Val RMSE: 1.0596 ✓ | MAE: 0.8274 | R2:  0.4870 | LR: 0.007250 | 49.8s
1981.1s 189 🎯 New best! RMSE: 1.0596 (Δ vs baseline: +0.4198)
2030.7s 190 Epoch  34/200 | Loss:  1.1272 | Val RMSE: 1.0595 ✓ | MAE: 0.8275 | R2:  0.4871 | LR: 0.007177 | 49.8s
2031.3s 191 🎯 New best! RMSE: 1.0595 (Δ vs baseline: +0.4199)
2080.9s 192 Epoch  35/200 | Loss:  1.1267 | Val RMSE: 1.0594 ✓ | MAE: 0.8273 | R2:  0.4872 | LR: 0.007106 | 49.8s
2081.4s 193 🎯 New best! RMSE: 1.0594 (Δ vs baseline: +0.4200)
2131.0s 194 Epoch  36/200 | Loss:  1.1263 | Val RMSE: 1.0592 ✓ | MAE: 0.8270 | R2:  0.4873 | LR: 0.007034 | 49.8s
2131.6s 195 🎯 New best! RMSE: 1.0592 (Δ vs baseline: +0.4201)
2181.2s 196 Epoch  37/200 | Loss:  1.1259 | Val RMSE: 1.0591 ✓ | MAE: 0.8270 | R2:  0.4874 | LR: 0.006964 | 49.8s
2181.8s 197 🎯 New best! RMSE: 1.0591 (Δ vs baseline: +0.4202)
2231.4s 198 Epoch  38/200 | Loss:  1.1256 | Val RMSE: 1.0590 ✓ | MAE: 0.8270 | R2:  0.4875 | LR: 0.006894 | 49.8s
2232.0s 199 🎯 New best! RMSE: 1.0590 (Δ vs baseline: +0.4203)
2281.6s 200 Epoch  39/200 | Loss:  1.1251 | Val RMSE: 1.0589 ✓ | MAE: 0.8269 | R2:  0.4876 | LR: 0.006826 | 49.8s
2282.2s 201 🎯 New best! RMSE: 1.0589 (Δ vs baseline: +0.4204)
2331.8s 202 Epoch  40/200 | Loss:  1.1250 | Val RMSE: 1.0588 ✓ | MAE: 0.8266 | R2:  0.4877 | LR: 0.006757 | 49.8s
2332.4s 203 🎯 New best! RMSE: 1.0588 (Δ vs baseline: +0.4205)
2382.0s 204 Epoch  41/200 | Loss:  1.1245 | Val RMSE: 1.0587 ✓ | MAE: 0.8266 | R2:  0.4878 | LR: 0.006690 | 49.8s
2382.6s 205 🎯 New best! RMSE: 1.0587 (Δ vs baseline: +0.4206)
2432.2s 206 Epoch  42/200 | Loss:  1.1243 | Val RMSE: 1.0587 ✓ | MAE: 0.8267 | R2:  0.4879 | LR: 0.006623 | 49.8s
2432.7s 207 🎯 New best! RMSE: 1.0587 (Δ vs baseline: +0.4207)
2482.4s 208 Epoch  43/200 | Loss:  1.1239 | Val RMSE: 1.0586 ✓ | MAE: 0.8266 | R2:  0.4880 | LR: 0.006557 | 49.8s
2482.9s 209 🎯 New best! RMSE: 1.0586 (Δ vs baseline: +0.4208)
2532.6s 210 Epoch  44/200 | Loss:  1.1237 | Val RMSE: 1.0585 ✓ | MAE: 0.8267 | R2:  0.4880 | LR: 0.006491 | 49.8s
2533.1s 211 🎯 New best! RMSE: 1.0585 (Δ vs baseline: +0.4209)
2582.7s 212 Epoch  45/200 | Loss:  1.1233 | Val RMSE: 1.0584 ✓ | MAE: 0.8261 | R2:  0.4881 | LR: 0.006426 | 49.8s
2583.3s 213 🎯 New best! RMSE: 1.0584 (Δ vs baseline: +0.4209)
2632.9s 214 Epoch  46/200 | Loss:  1.1231 | Val RMSE: 1.0583 ✓ | MAE: 0.8262 | R2:  0.4882 | LR: 0.006362 | 49.8s
2633.5s 215 🎯 New best! RMSE: 1.0583 (Δ vs baseline: +0.4210)
2683.1s 216 Epoch  47/200 | Loss:  1.1229 | Val RMSE: 1.0583 ✓ | MAE: 0.8262 | R2:  0.4883 | LR: 0.006298 | 49.8s
2683.7s 217 🎯 New best! RMSE: 1.0583 (Δ vs baseline: +0.4211)
2733.3s 218 Epoch  48/200 | Loss:  1.1225 | Val RMSE: 1.0582 ✓ | MAE: 0.8264 | R2:  0.4883 | LR: 0.006235 | 49.8s
2733.9s 219 🎯 New best! RMSE: 1.0582 (Δ vs baseline: +0.4211)
2783.5s 220 Epoch  49/200 | Loss:  1.1224 | Val RMSE: 1.0582 ✓ | MAE: 0.8260 | R2:  0.4884 | LR: 0.006173 | 49.8s
2784.0s 221 🎯 New best! RMSE: 1.0582 (Δ vs baseline: +0.4212)
2833.7s 222 Epoch  50/200 | Loss:  1.1222 | Val RMSE: 1.0581 ✓ | MAE: 0.8263 | R2:  0.4884 | LR: 0.006111 | 49.8s
2834.2s 223 🎯 New best! RMSE: 1.0581 (Δ vs baseline: +0.4213)
2883.9s 224 Epoch  51/200 | Loss:  1.1218 | Val RMSE: 1.0580 ✓ | MAE: 0.8262 | R2:  0.4885 | LR: 0.006050 | 49.8s
2884.4s 225 🎯 New best! RMSE: 1.0580 (Δ vs baseline: +0.4213)
2934.0s 226 Epoch  52/200 | Loss:  1.1218 | Val RMSE: 1.0580 ✓ | MAE: 0.8261 | R2:  0.4885 | LR: 0.005990 | 49.8s
2934.6s 227 🎯 New best! RMSE: 1.0580 (Δ vs baseline: +0.4214)
2984.2s 228 Epoch  53/200 | Loss:  1.1215 | Val RMSE: 1.0579 ✓ | MAE: 0.8259 | R2:  0.4886 | LR: 0.005930 | 49.8s
2984.8s 229 🎯 New best! RMSE: 1.0579 (Δ vs baseline: +0.4214)
3034.4s 230 Epoch  54/200 | Loss:  1.1214 | Val RMSE: 1.0579 ✓ | MAE: 0.8258 | R2:  0.4886 | LR: 0.005870 | 49.8s
3034.9s 231 🎯 New best! RMSE: 1.0579 (Δ vs baseline: +0.4215)
3084.6s 232 Epoch  55/200 | Loss:  1.1211 | Val RMSE: 1.0578 ✓ | MAE: 0.8260 | R2:  0.4887 | LR: 0.005812 | 49.8s
3085.1s 233 🎯 New best! RMSE: 1.0578 (Δ vs baseline: +0.4215)
3134.7s 234 Epoch  56/200 | Loss:  1.1209 | Val RMSE: 1.0578 ✓ | MAE: 0.8256 | R2:  0.4887 | LR: 0.005754 | 49.8s
3135.3s 235 🎯 New best! RMSE: 1.0578 (Δ vs baseline: +0.4216)
3184.9s 236 Epoch  57/200 | Loss:  1.1207 | Val RMSE: 1.0577 ✓ | MAE: 0.8257 | R2:  0.4888 | LR: 0.005696 | 49.8s
3185.4s 237 🎯 New best! RMSE: 1.0577 (Δ vs baseline: +0.4216)
3235.0s 238 Epoch  58/200 | Loss:  1.1206 | Val RMSE: 1.0577 ✓ | MAE: 0.8255 | R2:  0.4888 | LR: 0.005639 | 49.8s
3235.6s 239 🎯 New best! RMSE: 1.0577 (Δ vs baseline: +0.4217)
3285.2s 240 Epoch  59/200 | Loss:  1.1205 | Val RMSE: 1.0577 ✓ | MAE: 0.8256 | R2:  0.4889 | LR: 0.005583 | 49.8s
3285.7s 241 🎯 New best! RMSE: 1.0577 (Δ vs baseline: +0.4217)
3335.4s 242 Epoch  60/200 | Loss:  1.1203 | Val RMSE: 1.0576 ✓ | MAE: 0.8257 | R2:  0.4889 | LR: 0.005527 | 49.8s
3335.9s 243 🎯 New best! RMSE: 1.0576 (Δ vs baseline: +0.4218)
3385.6s 244 Epoch  61/200 | Loss:  1.1202 | Val RMSE: 1.0576 ✓ | MAE: 0.8256 | R2:  0.4889 | LR: 0.005472 | 49.8s
3386.1s 245 🎯 New best! RMSE: 1.0576 (Δ vs baseline: +0.4218)
3435.7s 246 Epoch  62/200 | Loss:  1.1200 | Val RMSE: 1.0575 ✓ | MAE: 0.8256 | R2:  0.4890 | LR: 0.005417 | 49.8s
3436.3s 247 🎯 New best! RMSE: 1.0575 (Δ vs baseline: +0.4218)
3485.9s 248 Epoch  63/200 | Loss:  1.1199 | Val RMSE: 1.0575 ✓ | MAE: 0.8257 | R2:  0.4890 | LR: 0.005363 | 49.8s
3486.5s 249 🎯 New best! RMSE: 1.0575 (Δ vs baseline: +0.4219)
3536.1s 250 Epoch  64/200 | Loss:  1.1198 | Val RMSE: 1.0575 ✓ | MAE: 0.8257 | R2:  0.4891 | LR: 0.005309 | 49.8s
3536.6s 251 🎯 New best! RMSE: 1.0575 (Δ vs baseline: +0.4219)
3586.2s 252 Epoch  65/200 | Loss:  1.1196 | Val RMSE: 1.0574 ✓ | MAE: 0.8255 | R2:  0.4891 | LR: 0.005256 | 49.8s
3586.8s 253 🎯 New best! RMSE: 1.0574 (Δ vs baseline: +0.4219)
3636.4s 254 Epoch  66/200 | Loss:  1.1194 | Val RMSE: 1.0574 ✓ | MAE: 0.8254 | R2:  0.4891 | LR: 0.005203 | 49.7s
3636.9s 255 🎯 New best! RMSE: 1.0574 (Δ vs baseline: +0.4220)
3686.5s 256 Epoch  67/200 | Loss:  1.1193 | Val RMSE: 1.0574 ✓ | MAE: 0.8256 | R2:  0.4891 | LR: 0.005151 | 49.8s
3687.0s 257 🎯 New best! RMSE: 1.0574 (Δ vs baseline: +0.4220)
3736.6s 258 Epoch  68/200 | Loss:  1.1193 | Val RMSE: 1.0573 ✓ | MAE: 0.8255 | R2:  0.4892 | LR: 0.005100 | 49.7s
3737.1s 259 🎯 New best! RMSE: 1.0573 (Δ vs baseline: +0.4220)
3786.7s 260 Epoch  69/200 | Loss:  1.1191 | Val RMSE: 1.0573 ✓ | MAE: 0.8256 | R2:  0.4892 | LR: 0.005049 | 49.7s
3787.2s 261 🎯 New best! RMSE: 1.0573 (Δ vs baseline: +0.4221)
3836.8s 262 Epoch  70/200 | Loss:  1.1190 | Val RMSE: 1.0573 ✓ | MAE: 0.8255 | R2:  0.4892 | LR: 0.004998 | 49.7s
3837.3s 263 🎯 New best! RMSE: 1.0573 (Δ vs baseline: +0.4221)
3886.9s 264 Epoch  71/200 | Loss:  1.1190 | Val RMSE: 1.0572 ✓ | MAE: 0.8252 | R2:  0.4893 | LR: 0.004948 | 49.7s
3887.4s 265 🎯 New best! RMSE: 1.0572 (Δ vs baseline: +0.4221)
3937.0s 266 Epoch  72/200 | Loss:  1.1188 | Val RMSE: 1.0572 ✓ | MAE: 0.8253 | R2:  0.4893 | LR: 0.004899 | 49.7s
3937.5s 267 🎯 New best! RMSE: 1.0572 (Δ vs baseline: +0.4222)
3987.1s 268 Epoch  73/200 | Loss:  1.1187 | Val RMSE: 1.0572 ✓ | MAE: 0.8254 | R2:  0.4893 | LR: 0.004850 | 49.7s
3987.6s 269 🎯 New best! RMSE: 1.0572 (Δ vs baseline: +0.4222)
4037.1s 270 Epoch  74/200 | Loss:  1.1186 | Val RMSE: 1.0572 ✓ | MAE: 0.8254 | R2:  0.4893 | LR: 0.004801 | 49.7s
4037.7s 271 🎯 New best! RMSE: 1.0572 (Δ vs baseline: +0.4222)
4087.2s 272 Epoch  75/200 | Loss:  1.1186 | Val RMSE: 1.0571 ✓ | MAE: 0.8254 | R2:  0.4894 | LR: 0.004753 | 49.7s
4087.8s 273 🎯 New best! RMSE: 1.0571 (Δ vs baseline: +0.4222)
4137.4s 274 Epoch  76/200 | Loss:  1.1184 | Val RMSE: 1.0571 ✓ | MAE: 0.8254 | R2:  0.4894 | LR: 0.004706 | 49.7s
4137.9s 275 🎯 New best! RMSE: 1.0571 (Δ vs baseline: +0.4223)
4187.5s 276 Epoch  77/200 | Loss:  1.1183 | Val RMSE: 1.0571 ✓ | MAE: 0.8254 | R2:  0.4894 | LR: 0.004659 | 49.7s
4188.0s 277 🎯 New best! RMSE: 1.0571 (Δ vs baseline: +0.4223)
4237.6s 278 Epoch  78/200 | Loss:  1.1182 | Val RMSE: 1.0571 ✓ | MAE: 0.8254 | R2:  0.4894 | LR: 0.004612 | 49.7s
4238.1s 279 🎯 New best! RMSE: 1.0571 (Δ vs baseline: +0.4223)
4287.7s 280 Epoch  79/200 | Loss:  1.1181 | Val RMSE: 1.0570 ✓ | MAE: 0.8252 | R2:  0.4895 | LR: 0.004566 | 49.7s
4288.2s 281 🎯 New best! RMSE: 1.0570 (Δ vs baseline: +0.4223)
4337.8s 282 Epoch  80/200 | Loss:  1.1180 | Val RMSE: 1.0570 ✓ | MAE: 0.8251 | R2:  0.4895 | LR: 0.004520 | 49.8s
4338.3s 283 🎯 New best! RMSE: 1.0570 (Δ vs baseline: +0.4224)
4387.9s 284 Epoch  81/200 | Loss:  1.1179 | Val RMSE: 1.0570 ✓ | MAE: 0.8253 | R2:  0.4895 | LR: 0.004475 | 49.7s
4388.4s 285 🎯 New best! RMSE: 1.0570 (Δ vs baseline: +0.4224)
4438.0s 286 Epoch  82/200 | Loss:  1.1179 | Val RMSE: 1.0570 ✓ | MAE: 0.8251 | R2:  0.4895 | LR: 0.004430 | 49.7s
4438.6s 287 🎯 New best! RMSE: 1.0570 (Δ vs baseline: +0.4224)
4488.1s 288 Epoch  83/200 | Loss:  1.1179 | Val RMSE: 1.0570 ✓ | MAE: 0.8253 | R2:  0.4895 | LR: 0.004386 | 49.7s
4488.7s 289 🎯 New best! RMSE: 1.0570 (Δ vs baseline: +0.4224)
4538.2s 290 Epoch  84/200 | Loss:  1.1177 | Val RMSE: 1.0569 ✓ | MAE: 0.8252 | R2:  0.4896 | LR: 0.004342 | 49.7s
4538.8s 291 🎯 New best! RMSE: 1.0569 (Δ vs baseline: +0.4224)
4588.3s 292 Epoch  85/200 | Loss:  1.1177 | Val RMSE: 1.0569 ✓ | MAE: 0.8252 | R2:  0.4896 | LR: 0.004299 | 49.7s
4588.9s 293 🎯 New best! RMSE: 1.0569 (Δ vs baseline: +0.4225)
4638.4s 294 Epoch  86/200 | Loss:  1.1176 | Val RMSE: 1.0569 ✓ | MAE: 0.8249 | R2:  0.4896 | LR: 0.004256 | 49.7s
4639.0s 295 🎯 New best! RMSE: 1.0569 (Δ vs baseline: +0.4225)
4688.5s 296 Epoch  87/200 | Loss:  1.1176 | Val RMSE: 1.0569 ✓ | MAE: 0.8251 | R2:  0.4896 | LR: 0.004213 | 49.7s
4689.1s 297 🎯 New best! RMSE: 1.0569 (Δ vs baseline: +0.4225)
4738.7s 298 Epoch  88/200 | Loss:  1.1174 | Val RMSE: 1.0569 ✓ | MAE: 0.8250 | R2:  0.4896 | LR: 0.004171 | 49.7s
4739.2s 299 🎯 New best! RMSE: 1.0569 (Δ vs baseline: +0.4225)
4788.7s 300 Epoch  89/200 | Loss:  1.1173 | Val RMSE: 1.0568 ✓ | MAE: 0.8252 | R2:  0.4897 | LR: 0.004129 | 49.7s
4789.3s 301 🎯 New best! RMSE: 1.0568 (Δ vs baseline: +0.4225)
4838.8s 302 Epoch  90/200 | Loss:  1.1173 | Val RMSE: 1.0568 ✓ | MAE: 0.8250 | R2:  0.4897 | LR: 0.004088 | 49.7s
4839.4s 303 🎯 New best! RMSE: 1.0568 (Δ vs baseline: +0.4225)
4888.9s 304 Epoch  91/200 | Loss:  1.1172 | Val RMSE: 1.0568 ✓ | MAE: 0.8251 | R2:  0.4897 | LR: 0.004047 | 49.7s
4889.5s 305 🎯 New best! RMSE: 1.0568 (Δ vs baseline: +0.4226)
4939.0s 306 Epoch  92/200 | Loss:  1.1171 | Val RMSE: 1.0568 ✓ | MAE: 0.8251 | R2:  0.4897 | LR: 0.004007 | 49.7s
4939.6s 307 🎯 New best! RMSE: 1.0568 (Δ vs baseline: +0.4226)
4989.1s 308 Epoch  93/200 | Loss:  1.1171 | Val RMSE: 1.0568 ✓ | MAE: 0.8250 | R2:  0.4897 | LR: 0.003967 | 49.7s
4989.7s 309 🎯 New best! RMSE: 1.0568 (Δ vs baseline: +0.4226)
5039.2s 310 Epoch  94/200 | Loss:  1.1170 | Val RMSE: 1.0568 ✓ | MAE: 0.8251 | R2:  0.4897 | LR: 0.003927 | 49.7s
5039.7s 311 🎯 New best! RMSE: 1.0568 (Δ vs baseline: +0.4226)
5089.3s 312 Epoch  95/200 | Loss:  1.1170 | Val RMSE: 1.0567 ✓ | MAE: 0.8249 | R2:  0.4897 | LR: 0.003888 | 49.7s
5089.8s 313 🎯 New best! RMSE: 1.0567 (Δ vs baseline: +0.4226)
5139.4s 314 Epoch  96/200 | Loss:  1.1169 | Val RMSE: 1.0567 ✓ | MAE: 0.8251 | R2:  0.4898 | LR: 0.003849 | 49.7s
5139.9s 315 🎯 New best! RMSE: 1.0567 (Δ vs baseline: +0.4226)
5189.5s 316 Epoch  97/200 | Loss:  1.1169 | Val RMSE: 1.0567 ✓ | MAE: 0.8251 | R2:  0.4898 | LR: 0.003810 | 49.7s
5190.0s 317 🎯 New best! RMSE: 1.0567 (Δ vs baseline: +0.4227)
5239.6s 318 Epoch  98/200 | Loss:  1.1168 | Val RMSE: 1.0567 ✓ | MAE: 0.8248 | R2:  0.4898 | LR: 0.003772 | 49.7s
5240.1s 319 🎯 New best! RMSE: 1.0567 (Δ vs baseline: +0.4227)
5289.7s 320 Epoch  99/200 | Loss:  1.1167 | Val RMSE: 1.0567 ✓ | MAE: 0.8250 | R2:  0.4898 | LR: 0.003735 | 49.7s
5290.2s 321 🎯 New best! RMSE: 1.0567 (Δ vs baseline: +0.4227)
5339.8s 322 Epoch 100/200 | Loss:  1.1167 | Val RMSE: 1.0567 ✓ | MAE: 0.8250 | R2:  0.4898 | LR: 0.003697 | 49.7s
5340.3s 323 🎯 New best! RMSE: 1.0567 (Δ vs baseline: +0.4227)
5389.8s 324 Epoch 101/200 | Loss:  1.1166 | Val RMSE: 1.0567 ✓ | MAE: 0.8248 | R2:  0.4898 | LR: 0.003660 | 49.7s
5390.4s 325 🎯 New best! RMSE: 1.0567 (Δ vs baseline: +0.4227)
5440.0s 326 Epoch 102/200 | Loss:  1.1166 | Val RMSE: 1.0566 ✓ | MAE: 0.8250 | R2:  0.4898 | LR: 0.003624 | 49.7s
5440.5s 327 🎯 New best! RMSE: 1.0566 (Δ vs baseline: +0.4227)
5490.1s 328 Epoch 103/200 | Loss:  1.1166 | Val RMSE: 1.0566 ✓ | MAE: 0.8250 | R2:  0.4898 | LR: 0.003587 | 49.7s
5490.6s 329 🎯 New best! RMSE: 1.0566 (Δ vs baseline: +0.4227)
5540.1s 330 Epoch 104/200 | Loss:  1.1165 | Val RMSE: 1.0566 ✓ | MAE: 0.8249 | R2:  0.4899 | LR: 0.003552 | 49.7s
5540.7s 331 🎯 New best! RMSE: 1.0566 (Δ vs baseline: +0.4227)
5590.2s 332 Epoch 105/200 | Loss:  1.1164 | Val RMSE: 1.0566 ✓ | MAE: 0.8249 | R2:  0.4899 | LR: 0.003516 | 49.7s
5590.8s 333 🎯 New best! RMSE: 1.0566 (Δ vs baseline: +0.4228)
5640.3s 334 Epoch 106/200 | Loss:  1.1164 | Val RMSE: 1.0566 ✓ | MAE: 0.8250 | R2:  0.4899 | LR: 0.003481 | 49.7s
5640.9s 335 🎯 New best! RMSE: 1.0566 (Δ vs baseline: +0.4228)
5690.4s 336 Epoch 107/200 | Loss:  1.1164 | Val RMSE: 1.0566 ✓ | MAE: 0.8249 | R2:  0.4899 | LR: 0.003446 | 49.7s
5691.0s 337 🎯 New best! RMSE: 1.0566 (Δ vs baseline: +0.4228)
5740.5s 338 Epoch 108/200 | Loss:  1.1163 | Val RMSE: 1.0566 ✓ | MAE: 0.8250 | R2:  0.4899 | LR: 0.003412 | 49.7s
5741.1s 339 🎯 New best! RMSE: 1.0566 (Δ vs baseline: +0.4228)
5790.6s 340 Epoch 109/200 | Loss:  1.1163 | Val RMSE: 1.0566 ✓ | MAE: 0.8249 | R2:  0.4899 | LR: 0.003378 | 49.7s
5791.2s 341 🎯 New best! RMSE: 1.0566 (Δ vs baseline: +0.4228)
5840.7s 342 Epoch 110/200 | Loss:  1.1162 | Val RMSE: 1.0566 ✓ | MAE: 0.8250 | R2:  0.4899 | LR: 0.003344 | 49.7s
5841.3s 343 🎯 New best! RMSE: 1.0566 (Δ vs baseline: +0.4228)
5890.9s 344 Epoch 111/200 | Loss:  1.1162 | Val RMSE: 1.0565 ✓ | MAE: 0.8249 | R2:  0.4899 | LR: 0.003310 | 49.8s
5891.4s 345 🎯 New best! RMSE: 1.0565 (Δ vs baseline: +0.4228)
5941.0s 346 Epoch 112/200 | Loss:  1.1162 | Val RMSE: 1.0565 ✓ | MAE: 0.8247 | R2:  0.4899 | LR: 0.003277 | 49.7s
5941.6s 347 🎯 New best! RMSE: 1.0565 (Δ vs baseline: +0.4228)
5991.1s 348 Epoch 113/200 | Loss:  1.1161 | Val RMSE: 1.0565 ✓ | MAE: 0.8249 | R2:  0.4900 | LR: 0.003244 | 49.8s
5991.7s 349 🎯 New best! RMSE: 1.0565 (Δ vs baseline: +0.4228)
6041.3s 350 Epoch 114/200 | Loss:  1.1161 | Val RMSE: 1.0565 ✓ | MAE: 0.8249 | R2:  0.4900 | LR: 0.003212 | 49.7s
6041.8s 351 🎯 New best! RMSE: 1.0565 (Δ vs baseline: +0.4229)
6091.3s 352 Epoch 115/200 | Loss:  1.1161 | Val RMSE: 1.0565 ✓ | MAE: 0.8250 | R2:  0.4900 | LR: 0.003180 | 49.7s
6091.9s 353 🎯 New best! RMSE: 1.0565 (Δ vs baseline: +0.4229)
6141.5s 354 Epoch 116/200 | Loss:  1.1160 | Val RMSE: 1.0565 ✓ | MAE: 0.8249 | R2:  0.4900 | LR: 0.003148 | 49.7s
6142.0s 355 🎯 New best! RMSE: 1.0565 (Δ vs baseline: +0.4229)
6191.6s 356 Epoch 117/200 | Loss:  1.1160 | Val RMSE: 1.0565 ✓ | MAE: 0.8248 | R2:  0.4900 | LR: 0.003117 | 49.7s
6192.1s 357 🎯 New best! RMSE: 1.0565 (Δ vs baseline: +0.4229)
6241.7s 358 Epoch 118/200 | Loss:  1.1159 | Val RMSE: 1.0565 ✓ | MAE: 0.8247 | R2:  0.4900 | LR: 0.003085 | 49.7s
6242.2s 359 🎯 New best! RMSE: 1.0565 (Δ vs baseline: +0.4229)
6291.8s 360 Epoch 119/200 | Loss:  1.1159 | Val RMSE: 1.0565 ✓ | MAE: 0.8249 | R2:  0.4900 | LR: 0.003055 | 49.7s
6292.3s 361 🎯 New best! RMSE: 1.0565 (Δ vs baseline: +0.4229)
6341.9s 362 Epoch 120/200 | Loss:  1.1158 | Val RMSE: 1.0565 ✓ | MAE: 0.8247 | R2:  0.4900 | LR: 0.003024 | 49.7s
6342.5s 363 🎯 New best! RMSE: 1.0565 (Δ vs baseline: +0.4229)
6392.0s 364 Epoch 121/200 | Loss:  1.1158 | Val RMSE: 1.0565 ✓ | MAE: 0.8249 | R2:  0.4900 | LR: 0.002994 | 49.7s
6392.6s 365 🎯 New best! RMSE: 1.0565 (Δ vs baseline: +0.4229)
6442.1s 366 Epoch 122/200 | Loss:  1.1158 | Val RMSE: 1.0564 ✓ | MAE: 0.8248 | R2:  0.4900 | LR: 0.002964 | 49.7s
6442.7s 367 🎯 New best! RMSE: 1.0564 (Δ vs baseline: +0.4229)
6492.2s 368 Epoch 123/200 | Loss:  1.1158 | Val RMSE: 1.0564 ✓ | MAE: 0.8248 | R2:  0.4900 | LR: 0.002934 | 49.7s
6492.7s 369 🎯 New best! RMSE: 1.0564 (Δ vs baseline: +0.4229)
6542.3s 370 Epoch 124/200 | Loss:  1.1157 | Val RMSE: 1.0564 ✓ | MAE: 0.8248 | R2:  0.4901 | LR: 0.002905 | 49.7s
6542.8s 371 🎯 New best! RMSE: 1.0564 (Δ vs baseline: +0.4229)
6592.4s 372 Epoch 125/200 | Loss:  1.1157 | Val RMSE: 1.0564 ✓ | MAE: 0.8249 | R2:  0.4901 | LR: 0.002876 | 49.7s
6592.9s 373 🎯 New best! RMSE: 1.0564 (Δ vs baseline: +0.4229)
6642.5s 374 Epoch 126/200 | Loss:  1.1157 | Val RMSE: 1.0564 ✓ | MAE: 0.8248 | R2:  0.4901 | LR: 0.002847 | 49.7s
6643.0s 375 🎯 New best! RMSE: 1.0564 (Δ vs baseline: +0.4230)
6692.6s 376 Epoch 127/200 | Loss:  1.1156 | Val RMSE: 1.0564 ✓ | MAE: 0.8248 | R2:  0.4901 | LR: 0.002819 | 49.7s
6693.1s 377 🎯 New best! RMSE: 1.0564 (Δ vs baseline: +0.4230)
6742.7s 378 Epoch 128/200 | Loss:  1.1156 | Val RMSE: 1.0564 ✓ | MAE: 0.8246 | R2:  0.4901 | LR: 0.002790 | 49.7s
6743.3s 379 🎯 New best! RMSE: 1.0564 (Δ vs baseline: +0.4230)
6792.8s 380 Epoch 129/200 | Loss:  1.1156 | Val RMSE: 1.0564 ✓ | MAE: 0.8249 | R2:  0.4901 | LR: 0.002763 | 49.7s
6793.4s 381 🎯 New best! RMSE: 1.0564 (Δ vs baseline: +0.4230)
6842.9s 382 Epoch 130/200 | Loss:  1.1155 | Val RMSE: 1.0564 ✓ | MAE: 0.8247 | R2:  0.4901 | LR: 0.002735 | 49.7s
6843.5s 383 🎯 New best! RMSE: 1.0564 (Δ vs baseline: +0.4230)
6893.0s 384 Epoch 131/200 | Loss:  1.1155 | Val RMSE: 1.0564 ✓ | MAE: 0.8248 | R2:  0.4901 | LR: 0.002708 | 49.7s
6893.6s 385 🎯 New best! RMSE: 1.0564 (Δ vs baseline: +0.4230)
6943.1s 386 Epoch 132/200 | Loss:  1.1154 | Val RMSE: 1.0564 ✓ | MAE: 0.8248 | R2:  0.4901 | LR: 0.002680 | 49.7s
6943.6s 387 🎯 New best! RMSE: 1.0564 (Δ vs baseline: +0.4230)
6993.2s 388 Epoch 133/200 | Loss:  1.1155 | Val RMSE: 1.0564 ✓ | MAE: 0.8247 | R2:  0.4901 | LR: 0.002654 | 49.7s
6993.7s 389 🎯 New best! RMSE: 1.0564 (Δ vs baseline: +0.4230)
7043.3s 390 Epoch 134/200 | Loss:  1.1154 | Val RMSE: 1.0564 ✓ | MAE: 0.8247 | R2:  0.4901 | LR: 0.002627 | 49.7s
7043.8s 391 🎯 New best! RMSE: 1.0564 (Δ vs baseline: +0.4230)
7093.4s 392 Epoch 135/200 | Loss:  1.1154 | Val RMSE: 1.0563 ✓ | MAE: 0.8246 | R2:  0.4901 | LR: 0.002601 | 49.7s
7093.9s 393 🎯 New best! RMSE: 1.0563 (Δ vs baseline: +0.4230)
7143.5s 394 Epoch 136/200 | Loss:  1.1153 | Val RMSE: 1.0563 ✓ | MAE: 0.8247 | R2:  0.4901 | LR: 0.002575 | 49.7s
7144.0s 395 🎯 New best! RMSE: 1.0563 (Δ vs baseline: +0.4230)
7193.6s 396 Epoch 137/200 | Loss:  1.1153 | Val RMSE: 1.0563 ✓ | MAE: 0.8247 | R2:  0.4901 | LR: 0.002549 | 49.7s
7194.1s 397 🎯 New best! RMSE: 1.0563 (Δ vs baseline: +0.4230)
7243.7s 398 Epoch 138/200 | Loss:  1.1153 | Val RMSE: 1.0563 ✓ | MAE: 0.8247 | R2:  0.4901 | LR: 0.002524 | 49.7s
7244.2s 399 🎯 New best! RMSE: 1.0563 (Δ vs baseline: +0.4230)
7293.8s 400 Epoch 139/200 | Loss:  1.1154 | Val RMSE: 1.0563 ✓ | MAE: 0.8246 | R2:  0.4902 | LR: 0.002498 | 49.7s
7294.3s 401 🎯 New best! RMSE: 1.0563 (Δ vs baseline: +0.4230)
7343.9s 402 Epoch 140/200 | Loss:  1.1153 | Val RMSE: 1.0563 ✓ | MAE: 0.8246 | R2:  0.4902 | LR: 0.002473 | 49.7s
7344.4s 403 🎯 New best! RMSE: 1.0563 (Δ vs baseline: +0.4231)
7394.0s 404 Epoch 141/200 | Loss:  1.1152 | Val RMSE: 1.0563 ✓ | MAE: 0.8248 | R2:  0.4902 | LR: 0.002449 | 49.7s
7394.5s 405 🎯 New best! RMSE: 1.0563 (Δ vs baseline: +0.4231)
7444.1s 406 Epoch 142/200 | Loss:  1.1153 | Val RMSE: 1.0563 ✓ | MAE: 0.8246 | R2:  0.4902 | LR: 0.002424 | 49.7s
7444.6s 407 🎯 New best! RMSE: 1.0563 (Δ vs baseline: +0.4231)
7494.2s 408 Epoch 143/200 | Loss:  1.1152 | Val RMSE: 1.0563 ✓ | MAE: 0.8248 | R2:  0.4902 | LR: 0.002400 | 49.7s
7494.7s 409 🎯 New best! RMSE: 1.0563 (Δ vs baseline: +0.4231)
7544.3s 410 Epoch 144/200 | Loss:  1.1152 | Val RMSE: 1.0563 ✓ | MAE: 0.8248 | R2:  0.4902 | LR: 0.002376 | 49.7s
7544.8s 411 🎯 New best! RMSE: 1.0563 (Δ vs baseline: +0.4231)
7594.4s 412 Epoch 145/200 | Loss:  1.1151 | Val RMSE: 1.0563 ✓ | MAE: 0.8246 | R2:  0.4902 | LR: 0.002352 | 49.7s
7594.9s 413 🎯 New best! RMSE: 1.0563 (Δ vs baseline: +0.4231)
7644.4s 414 Epoch 146/200 | Loss:  1.1152 | Val RMSE: 1.0563 ✓ | MAE: 0.8248 | R2:  0.4902 | LR: 0.002329 | 49.7s
7645.0s 415 🎯 New best! RMSE: 1.0563 (Δ vs baseline: +0.4231)
7694.5s 416 Epoch 147/200 | Loss:  1.1152 | Val RMSE: 1.0563 ✓ | MAE: 0.8247 | R2:  0.4902 | LR: 0.002305 | 49.7s
7695.1s 417 🎯 New best! RMSE: 1.0563 (Δ vs baseline: +0.4231)
7744.6s 418 Epoch 148/200 | Loss:  1.1151 | Val RMSE: 1.0563 ✓ | MAE: 0.8246 | R2:  0.4902 | LR: 0.002282 | 49.7s
7745.2s 419 🎯 New best! RMSE: 1.0563 (Δ vs baseline: +0.4231)
7794.7s 420 Epoch 149/200 | Loss:  1.1150 | Val RMSE: 1.0563 ✓ | MAE: 0.8247 | R2:  0.4902 | LR: 0.002259 | 49.7s
7795.3s 421 🎯 New best! RMSE: 1.0563 (Δ vs baseline: +0.4231)
7844.8s 422 Epoch 150/200 | Loss:  1.1151 | Val RMSE: 1.0563 ✓ | MAE: 0.8247 | R2:  0.4902 | LR: 0.002237 | 49.7s
7845.4s 423 🎯 New best! RMSE: 1.0563 (Δ vs baseline: +0.4231)
7894.9s 424 Epoch 151/200 | Loss:  1.1150 | Val RMSE: 1.0563 ✓ | MAE: 0.8247 | R2:  0.4902 | LR: 0.002215 | 49.7s
7895.5s 425 🎯 New best! RMSE: 1.0563 (Δ vs baseline: +0.4231)
7945.0s 426 Epoch 152/200 | Loss:  1.1150 | Val RMSE: 1.0562 ✓ | MAE: 0.8245 | R2:  0.4902 | LR: 0.002192 | 49.7s
7945.6s 427 🎯 New best! RMSE: 1.0562 (Δ vs baseline: +0.4231)
7995.1s 428 Epoch 153/200 | Loss:  1.1150 | Val RMSE: 1.0562 ✓ | MAE: 0.8247 | R2:  0.4902 | LR: 0.002170 | 49.7s
7995.7s 429 🎯 New best! RMSE: 1.0562 (Δ vs baseline: +0.4231)
8045.2s 430 Epoch 154/200 | Loss:  1.1149 | Val RMSE: 1.0562 ✓ | MAE: 0.8246 | R2:  0.4902 | LR: 0.002149 | 49.7s
8045.8s 431 🎯 New best! RMSE: 1.0562 (Δ vs baseline: +0.4231)
8095.3s 432 Epoch 155/200 | Loss:  1.1150 | Val RMSE: 1.0562 ✓ | MAE: 0.8247 | R2:  0.4902 | LR: 0.002127 | 49.7s
8095.8s 433 🎯 New best! RMSE: 1.0562 (Δ vs baseline: +0.4231)
8145.4s 434 Epoch 156/200 | Loss:  1.1150 | Val RMSE: 1.0562 ✓ | MAE: 0.8246 | R2:  0.4902 | LR: 0.002106 | 49.7s
8145.9s 435 🎯 New best! RMSE: 1.0562 (Δ vs baseline: +0.4231)
8195.5s 436 Epoch 157/200 | Loss:  1.1149 | Val RMSE: 1.0562 ✓ | MAE: 0.8246 | R2:  0.4902 | LR: 0.002085 | 49.7s
8196.0s 437 🎯 New best! RMSE: 1.0562 (Δ vs baseline: +0.4231)
8245.6s 438 Epoch 158/200 | Loss:  1.1149 | Val RMSE: 1.0562 ✓ | MAE: 0.8247 | R2:  0.4902 | LR: 0.002064 | 49.7s
8246.1s 439 🎯 New best! RMSE: 1.0562 (Δ vs baseline: +0.4231)
8295.7s 440 Epoch 159/200 | Loss:  1.1149 | Val RMSE: 1.0562 ✓ | MAE: 0.8246 | R2:  0.4903 | LR: 0.002043 | 49.7s
8296.3s 441 🎯 New best! RMSE: 1.0562 (Δ vs baseline: +0.4231)
8345.8s 442 Epoch 160/200 | Loss:  1.1149 | Val RMSE: 1.0562 ✓ | MAE: 0.8245 | R2:  0.4903 | LR: 0.002023 | 49.7s
8346.3s 443 🎯 New best! RMSE: 1.0562 (Δ vs baseline: +0.4232)
8395.9s 444 Epoch 161/200 | Loss:  1.1149 | Val RMSE: 1.0562 ✓ | MAE: 0.8247 | R2:  0.4903 | LR: 0.002003 | 49.7s
8396.4s 445 🎯 New best! RMSE: 1.0562 (Δ vs baseline: +0.4232)
8445.9s 446 Epoch 162/200 | Loss:  1.1149 | Val RMSE: 1.0562 ✓ | MAE: 0.8246 | R2:  0.4903 | LR: 0.001983 | 49.7s
8446.5s 447 🎯 New best! RMSE: 1.0562 (Δ vs baseline: +0.4232)
8496.0s 448 Epoch 163/200 | Loss:  1.1148 | Val RMSE: 1.0562 ✓ | MAE: 0.8245 | R2:  0.4903 | LR: 0.001963 | 49.7s
8496.6s 449 🎯 New best! RMSE: 1.0562 (Δ vs baseline: +0.4232)
8546.2s 450 Epoch 164/200 | Loss:  1.1148 | Val RMSE: 1.0562 ✓ | MAE: 0.8247 | R2:  0.4903 | LR: 0.001943 | 49.8s
8546.7s 451 🎯 New best! RMSE: 1.0562 (Δ vs baseline: +0.4232)
8596.3s 452 Epoch 165/200 | Loss:  1.1148 | Val RMSE: 1.0562 ✓ | MAE: 0.8247 | R2:  0.4903 | LR: 0.001924 | 49.7s
8596.8s 453 🎯 New best! RMSE: 1.0562 (Δ vs baseline: +0.4232)
8646.3s 454 Epoch 166/200 | Loss:  1.1148 | Val RMSE: 1.0562 ✓ | MAE: 0.8247 | R2:  0.4903 | LR: 0.001905 | 49.7s
8646.8s 455 🎯 New best! RMSE: 1.0562 (Δ vs baseline: +0.4232)
8696.3s 456 Epoch 167/200 | Loss:  1.1148 | Val RMSE: 1.0562 ✓ | MAE: 0.8246 | R2:  0.4903 | LR: 0.001886 | 49.7s
8696.9s 457 🎯 New best! RMSE: 1.0562 (Δ vs baseline: +0.4232)
8746.4s 458 Epoch 168/200 | Loss:  1.1148 | Val RMSE: 1.0562 ✓ | MAE: 0.8247 | R2:  0.4903 | LR: 0.001867 | 49.7s
8746.9s 459 🎯 New best! RMSE: 1.0562 (Δ vs baseline: +0.4232)
8796.4s 460 Epoch 169/200 | Loss:  1.1147 | Val RMSE: 1.0562 ✓ | MAE: 0.8247 | R2:  0.4903 | LR: 0.001848 | 49.7s
8797.0s 461 🎯 New best! RMSE: 1.0562 (Δ vs baseline: +0.4232)
8846.5s 462 Epoch 170/200 | Loss:  1.1147 | Val RMSE: 1.0562 ✓ | MAE: 0.8245 | R2:  0.4903 | LR: 0.001830 | 49.7s
8847.0s 463 🎯 New best! RMSE: 1.0562 (Δ vs baseline: +0.4232)
8896.6s 464 Epoch 171/200 | Loss:  1.1147 | Val RMSE: 1.0562 ✓ | MAE: 0.8247 | R2:  0.4903 | LR: 0.001811 | 49.7s
8897.1s 465 🎯 New best! RMSE: 1.0562 (Δ vs baseline: +0.4232)
8946.7s 466 Epoch 172/200 | Loss:  1.1147 | Val RMSE: 1.0562 ✓ | MAE: 0.8247 | R2:  0.4903 | LR: 0.001793 | 49.7s
8947.2s 467 🎯 New best! RMSE: 1.0562 (Δ vs baseline: +0.4232)
8996.7s 468 Epoch 173/200 | Loss:  1.1147 | Val RMSE: 1.0562 ✓ | MAE: 0.8246 | R2:  0.4903 | LR: 0.001775 | 49.7s
8997.3s 469 🎯 New best! RMSE: 1.0562 (Δ vs baseline: +0.4232)
9046.8s 470 Epoch 174/200 | Loss:  1.1147 | Val RMSE: 1.0562 ✓ | MAE: 0.8247 | R2:  0.4903 | LR: 0.001757 | 49.7s
9047.3s 471 🎯 New best! RMSE: 1.0562 (Δ vs baseline: +0.4232)
9096.8s 472 Epoch 175/200 | Loss:  1.1147 | Val RMSE: 1.0562 ✓ | MAE: 0.8246 | R2:  0.4903 | LR: 0.001740 | 49.7s
9097.4s 473 🎯 New best! RMSE: 1.0562 (Δ vs baseline: +0.4232)
9146.9s 474 Epoch 176/200 | Loss:  1.1147 | Val RMSE: 1.0562 ✓ | MAE: 0.8247 | R2:  0.4903 | LR: 0.001722 | 49.7s
9147.4s 475 🎯 New best! RMSE: 1.0562 (Δ vs baseline: +0.4232)
9196.9s 476 Epoch 177/200 | Loss:  1.1146 | Val RMSE: 1.0562 ✓ | MAE: 0.8246 | R2:  0.4903 | LR: 0.001705 | 49.7s
9197.4s 477 🎯 New best! RMSE: 1.0562 (Δ vs baseline: +0.4232)
9247.0s 478 Epoch 178/200 | Loss:  1.1146 | Val RMSE: 1.0561 ✓ | MAE: 0.8246 | R2:  0.4903 | LR: 0.001688 | 49.7s
9247.5s 479 🎯 New best! RMSE: 1.0561 (Δ vs baseline: +0.4232)
9297.0s 480 Epoch 179/200 | Loss:  1.1146 | Val RMSE: 1.0561 ✓ | MAE: 0.8245 | R2:  0.4903 | LR: 0.001671 | 49.7s
9297.6s 481 🎯 New best! RMSE: 1.0561 (Δ vs baseline: +0.4232)
9347.1s 482 Epoch 180/200 | Loss:  1.1146 | Val RMSE: 1.0561 ✓ | MAE: 0.8246 | R2:  0.4903 | LR: 0.001655 | 49.7s
9347.6s 483 🎯 New best! RMSE: 1.0561 (Δ vs baseline: +0.4232)
9397.1s 484 Epoch 181/200 | Loss:  1.1146 | Val RMSE: 1.0561 ✓ | MAE: 0.8246 | R2:  0.4903 | LR: 0.001638 | 49.7s
9397.7s 485 🎯 New best! RMSE: 1.0561 (Δ vs baseline: +0.4232)
9447.2s 486 Epoch 182/200 | Loss:  1.1146 | Val RMSE: 1.0561 ✓ | MAE: 0.8246 | R2:  0.4903 | LR: 0.001622 | 49.7s
9447.7s 487 🎯 New best! RMSE: 1.0561 (Δ vs baseline: +0.4232)
9497.2s 488 Epoch 183/200 | Loss:  1.1146 | Val RMSE: 1.0561 ✓ | MAE: 0.8246 | R2:  0.4903 | LR: 0.001605 | 49.7s
9497.8s 489 🎯 New best! RMSE: 1.0561 (Δ vs baseline: +0.4232)
9547.3s 490 Epoch 184/200 | Loss:  1.1145 | Val RMSE: 1.0561 ✓ | MAE: 0.8245 | R2:  0.4903 | LR: 0.001589 | 49.7s
9547.8s 491 🎯 New best! RMSE: 1.0561 (Δ vs baseline: +0.4232)
9597.3s 492 Epoch 185/200 | Loss:  1.1145 | Val RMSE: 1.0561 ✓ | MAE: 0.8246 | R2:  0.4903 | LR: 0.001574 | 49.7s
9597.8s 493 🎯 New best! RMSE: 1.0561 (Δ vs baseline: +0.4232)
9647.3s 494 Epoch 186/200 | Loss:  1.1145 | Val RMSE: 1.0561 ✓ | MAE: 0.8246 | R2:  0.4903 | LR: 0.001558 | 49.7s
9647.9s 495 🎯 New best! RMSE: 1.0561 (Δ vs baseline: +0.4232)
9697.4s 496 Epoch 187/200 | Loss:  1.1146 | Val RMSE: 1.0561 ✓ | MAE: 0.8247 | R2:  0.4903 | LR: 0.001542 | 49.7s
9697.9s 497 🎯 New best! RMSE: 1.0561 (Δ vs baseline: +0.4232)
9747.6s 498 Epoch 188/200 | Loss:  1.1145 | Val RMSE: 1.0561 ✓ | MAE: 0.8246 | R2:  0.4903 | LR: 0.001527 | 49.8s
9748.1s 499 🎯 New best! RMSE: 1.0561 (Δ vs baseline: +0.4232)
9797.7s 500 Epoch 189/200 | Loss:  1.1145 | Val RMSE: 1.0561 ✓ | MAE: 0.8246 | R2:  0.4903 | LR: 0.001512 | 49.7s
9798.2s 501 🎯 New best! RMSE: 1.0561 (Δ vs baseline: +0.4233)
9847.8s 502 Epoch 190/200 | Loss:  1.1145 | Val RMSE: 1.0561 ✓ | MAE: 0.8246 | R2:  0.4904 | LR: 0.001496 | 49.7s
9848.3s 503 🎯 New best! RMSE: 1.0561 (Δ vs baseline: +0.4233)
9897.8s 504 Epoch 191/200 | Loss:  1.1145 | Val RMSE: 1.0561 ✓ | MAE: 0.8245 | R2:  0.4904 | LR: 0.001481 | 49.7s
9898.3s 505 🎯 New best! RMSE: 1.0561 (Δ vs baseline: +0.4233)
9947.9s 506 Epoch 192/200 | Loss:  1.1145 | Val RMSE: 1.0561 ✓ | MAE: 0.8246 | R2:  0.4904 | LR: 0.001467 | 49.7s
9948.4s 507 🎯 New best! RMSE: 1.0561 (Δ vs baseline: +0.4233)
9997.9s 508 Epoch 193/200 | Loss:  1.1144 | Val RMSE: 1.0561 ✓ | MAE: 0.8246 | R2:  0.4904 | LR: 0.001452 | 49.7s
9998.5s 509 🎯 New best! RMSE: 1.0561 (Δ vs baseline: +0.4233)
10048.0s 510 Epoch 194/200 | Loss:  1.1145 | Val RMSE: 1.0561 ✓ | MAE: 0.8246 | R2:  0.4904 | LR: 0.001437 | 49.7s
10048.5s 511 🎯 New best! RMSE: 1.0561 (Δ vs baseline: +0.4233)
10098.2s 512 Epoch 195/200 | Loss:  1.1144 | Val RMSE: 1.0561 ✓ | MAE: 0.8247 | R2:  0.4904 | LR: 0.001423 | 49.7s
10147.8s 513 Epoch 196/200 | Loss:  1.1144 | Val RMSE: 1.0561 ✓ | MAE: 0.8246 | R2:  0.4904 | LR: 0.001409 | 49.7s
10148.3s 514 🎯 New best! RMSE: 1.0561 (Δ vs baseline: +0.4233)
10197.8s 515 Epoch 197/200 | Loss:  1.1144 | Val RMSE: 1.0561 ✓ | MAE: 0.8246 | R2:  0.4904 | LR: 0.001395 | 49.7s
10198.3s 516 🎯 New best! RMSE: 1.0561 (Δ vs baseline: +0.4233)
10247.9s 517 Epoch 198/200 | Loss:  1.1144 | Val RMSE: 1.0561 ✓ | MAE: 0.8246 | R2:  0.4904 | LR: 0.001381 | 49.7s
10248.4s 518 🎯 New best! RMSE: 1.0561 (Δ vs baseline: +0.4233)
10297.9s 519 Epoch 199/200 | Loss:  1.1144 | Val RMSE: 1.0561 ✓ | MAE: 0.8246 | R2:  0.4904 | LR: 0.001367 | 49.7s
10298.4s 520 🎯 New best! RMSE: 1.0561 (Δ vs baseline: +0.4233)
10348.0s 521 Epoch 200/200 | Loss:  1.1144 | Val RMSE: 1.0561 ✓ | MAE: 0.8246 | R2:  0.4904 | LR: 0.001353 | 49.7s
10348.3s 522 🎯 New best! RMSE: 1.0561 (Δ vs baseline: +0.4233)
10348.3s 523 
10348.3s 524 ======================================================================
10348.3s 525 FINAL EVALUATION
10348.3s 526 ======================================================================
10349.3s 527 
10349.3s 528 📊 Baseline RMSE: 1.4794
10349.3s 529 
10349.3s 530 📈 Training Set:
10349.3s 531 MSE: 1.1131 | RMSE: 1.0550 | MAE: 0.8242 | R2: 0.4909
10349.3s 532 
10349.3s 533 📈 Validation Set:
10349.3s 534 MSE: 1.1153 | RMSE: 1.0561 | MAE: 0.8246 | R2: 0.4904
10349.3s 535 
10349.3s 536 ✓ Improvement over baseline: +0.4233
10349.3s 537 📉 Overfitting gap (Train-Val RMSE): -0.0011
10349.3s 538 ✓ Good generalization!
10349.3s 539 
10349.3s 540 ✓ Training completed!
10351.1s 541 ✓ Model saved to /kaggle/working/models/fm_1M.npz
10357.1s 542 /usr/local/lib/python3.12/dist-packages/mistune.py:435: SyntaxWarning: invalid escape sequence '\|'
10357.1s 543 cells[i][c] = re.sub('\\\\\|', '|', cell)
10357.3s 544 /usr/local/lib/python3.12/dist-packages/nbconvert/filters/filter_links.py:36: SyntaxWarning: invalid escape sequence '\_'
10357.3s 545 text = re.sub(r'_', '\_', text) # Escape underscores in display text
10358.0s 546 [NbConvertApp] Converting notebook __notebook__.ipynb to notebook
10358.3s 547 [NbConvertApp] Writing 76353 bytes to __notebook__.ipynb
10360.6s 548 [NbConvertApp] Converting notebook __notebook__.ipynb to html
10361.5s 549 [NbConvertApp] Writing 441128 bytes to __results__.html